<html>
<head>
<title>TestNG:  Surefire test</title>
<link href="../testng.css" rel="stylesheet" type="text/css" />
<link href="../my-testng.css" rel="stylesheet" type="text/css" />

<style type="text/css">
.log { display: none;} 
.stack-trace { display: none;} 
</style>
<script type="text/javascript">
<!--
function flip(e) {
  current = e.style.display;
  if (current == 'block') {
    e.style.display = 'none';
    return 0;
  }
  else {
    e.style.display = 'block';
    return 1;
  }
}

function toggleBox(szDivId, elem, msg1, msg2)
{
  var res = -1;  if (document.getElementById) {
    res = flip(document.getElementById(szDivId));
  }
  else if (document.all) {
    // this is the way old msie versions work
    res = flip(document.all[szDivId]);
  }
  if(elem) {
    if(res == 0) elem.innerHTML = msg1; else elem.innerHTML = msg2;
  }

}

function toggleAllBoxes() {
  if (document.getElementsByTagName) {
    d = document.getElementsByTagName('div');
    for (i = 0; i < d.length; i++) {
      if (d[i].className == 'log') {
        flip(d[i]);
      }
    }
  }
}

// -->
</script>

</head>
<body>
<h2 align='center'>Surefire test</h2><table border='1' align="center">
<tr>
<td>Tests passed/Failed/Skipped:</td><td>20/3/0</td>
</tr><tr>
<td>Started on:</td><td>Tue Jul 04 12:39:07 CEST 2017</td>
</tr>
<tr><td>Total time:</td><td>9 seconds (9220 ms)</td>
</tr><tr>
<td>Included groups:</td><td></td>
</tr><tr>
<td>Excluded groups:</td><td></td>
</tr>
</table><p/>
<small><i>(Hover the method name to see the test class name)</i></small><p/>
<table width='100%' border='1' class='invocation-failed'>
<tr><td colspan='4' align='center'><b>FAILED TESTS</b></td></tr>
<tr><td><b>Test method</b></td>
<td width="30%"><b>Exception</b></td>
<td width="10%"><b>Time (seconds)</b></td>
<td><b>Instance</b></td>
</tr>
<tr>
<td title='TestRequestLimit.testDemoKeyValues()'><b>testDemoKeyValues</b><br>Test class: TestRequestLimit<br/>
<a href="#Output-1177377518" onClick='toggleBox("Output-1177377518", this, "Show output", "Hide output");'>Show output</a>

<a href="#Output-1177377518" onClick="toggleAllBoxes();">Show all outputs</a>
<div class='log' id="Output-1177377518">
Total rate limit: 40Rate limit remaining: 34
Total rate limit expected: 30<br/>
</div>
</td>
<td><div><pre>java.lang.AssertionError
	at TestRequestLimit.testDemoKeyValues(TestRequestLimit.java:42)
... Removed 29 stack frames</pre></div><a href='#' onClick='toggleBox("stack-trace1177377518", this, "Click to show all stack frames", "Click to hide stack frames")'>Click to show all stack frames</a>
<div class='stack-trace' id='stack-trace1177377518'><pre>java.lang.AssertionError
	at TestRequestLimit.testDemoKeyValues(TestRequestLimit.java:42)
	at sun.reflect.NativeMethodAccessorImpl.invoke0(Native Method)
	at sun.reflect.NativeMethodAccessorImpl.invoke(NativeMethodAccessorImpl.java:62)
	at sun.reflect.DelegatingMethodAccessorImpl.invoke(DelegatingMethodAccessorImpl.java:43)
	at java.lang.reflect.Method.invoke(Method.java:498)
	at org.testng.internal.MethodInvocationHelper.invokeMethod(MethodInvocationHelper.java:108)
	at org.testng.internal.Invoker.invokeMethod(Invoker.java:661)
	at org.testng.internal.Invoker.invokeTestMethod(Invoker.java:869)
	at org.testng.internal.Invoker.invokeTestMethods(Invoker.java:1193)
	at org.testng.internal.TestMethodWorker.invokeTestMethods(TestMethodWorker.java:126)
	at org.testng.internal.TestMethodWorker.run(TestMethodWorker.java:109)
	at org.testng.TestRunner.privateRun(TestRunner.java:744)
	at org.testng.TestRunner.run(TestRunner.java:602)
	at org.testng.SuiteRunner.runTest(SuiteRunner.java:380)
	at org.testng.SuiteRunner.runSequentially(SuiteRunner.java:375)
	at org.testng.SuiteRunner.privateRun(SuiteRunner.java:340)
	at org.testng.SuiteRunner.run(SuiteRunner.java:289)
	at org.testng.SuiteRunnerWorker.runSuite(SuiteRunnerWorker.java:52)
	at org.testng.SuiteRunnerWorker.run(SuiteRunnerWorker.java:86)
	at org.testng.TestNG.runSuitesSequentially(TestNG.java:1301)
	at org.testng.TestNG.runSuitesLocally(TestNG.java:1226)
	at org.testng.TestNG.runSuites(TestNG.java:1144)
	at org.testng.TestNG.run(TestNG.java:1115)
	at org.apache.maven.surefire.testng.TestNGExecutor.run(TestNGExecutor.java:135)
	at org.apache.maven.surefire.testng.TestNGDirectoryTestSuite.executeMulti(TestNGDirectoryTestSuite.java:193)
	at org.apache.maven.surefire.testng.TestNGDirectoryTestSuite.execute(TestNGDirectoryTestSuite.java:94)
	at org.apache.maven.surefire.testng.TestNGProvider.invoke(TestNGProvider.java:146)
	at org.apache.maven.surefire.booter.ForkedBooter.invokeProviderInSameClassLoader(ForkedBooter.java:386)
	at org.apache.maven.surefire.booter.ForkedBooter.runSuitesInProcess(ForkedBooter.java:323)
	at org.apache.maven.surefire.booter.ForkedBooter.main(ForkedBooter.java:143)
</pre></div></td>
<td>0</td>
<td>TestRequestLimit@3cb5cdba</td></tr>
<tr>
<td title='TestParamLimit.testString()'><b>testString</b><br>Test class: TestParamLimit</td>
<td><div><pre>java.io.IOException: Server returned HTTP response code: 500 for URL: https://api.nasa.gov/planetary/sounds?limit=ten&amp;api_key=rJh6i4JLqs5HqTJcuDgA0qojWq1UY45Oq5qDS3sF
	at sun.net.www.protocol.http.HttpURLConnection.getInputStream0(HttpURLConnection.java:1876)
	at sun.net.www.protocol.http.HttpURLConnection.getInputStream(HttpURLConnection.java:1474)
	at sun.net.www.protocol.https.HttpsURLConnectionImpl.getInputStream(HttpsURLConnectionImpl.java:254)
	at java.net.URL.openStream(URL.java:1045)
	at Downloader.download(Downloader.java:38)
	at TestParamLimit.testString(TestParamLimit.java:84)
... Removed 29 stack frames</pre></div><a href='#' onClick='toggleBox("stack-trace249155636", this, "Click to show all stack frames", "Click to hide stack frames")'>Click to show all stack frames</a>
<div class='stack-trace' id='stack-trace249155636'><pre>java.io.IOException: Server returned HTTP response code: 500 for URL: https://api.nasa.gov/planetary/sounds?limit=ten&amp;api_key=rJh6i4JLqs5HqTJcuDgA0qojWq1UY45Oq5qDS3sF
	at sun.net.www.protocol.http.HttpURLConnection.getInputStream0(HttpURLConnection.java:1876)
	at sun.net.www.protocol.http.HttpURLConnection.getInputStream(HttpURLConnection.java:1474)
	at sun.net.www.protocol.https.HttpsURLConnectionImpl.getInputStream(HttpsURLConnectionImpl.java:254)
	at java.net.URL.openStream(URL.java:1045)
	at Downloader.download(Downloader.java:38)
	at TestParamLimit.testString(TestParamLimit.java:84)
	at sun.reflect.NativeMethodAccessorImpl.invoke0(Native Method)
	at sun.reflect.NativeMethodAccessorImpl.invoke(NativeMethodAccessorImpl.java:62)
	at sun.reflect.DelegatingMethodAccessorImpl.invoke(DelegatingMethodAccessorImpl.java:43)
	at java.lang.reflect.Method.invoke(Method.java:498)
	at org.testng.internal.MethodInvocationHelper.invokeMethod(MethodInvocationHelper.java:108)
	at org.testng.internal.Invoker.invokeMethod(Invoker.java:661)
	at org.testng.internal.Invoker.invokeTestMethod(Invoker.java:869)
	at org.testng.internal.Invoker.invokeTestMethods(Invoker.java:1193)
	at org.testng.internal.TestMethodWorker.invokeTestMethods(TestMethodWorker.java:126)
	at org.testng.internal.TestMethodWorker.run(TestMethodWorker.java:109)
	at org.testng.TestRunner.privateRun(TestRunner.java:744)
	at org.testng.TestRunner.run(TestRunner.java:602)
	at org.testng.SuiteRunner.runTest(SuiteRunner.java:380)
	at org.testng.SuiteRunner.runSequentially(SuiteRunner.java:375)
	at org.testng.SuiteRunner.privateRun(SuiteRunner.java:340)
	at org.testng.SuiteRunner.run(SuiteRunner.java:289)
	at org.testng.SuiteRunnerWorker.runSuite(SuiteRunnerWorker.java:52)
	at org.testng.SuiteRunnerWorker.run(SuiteRunnerWorker.java:86)
	at org.testng.TestNG.runSuitesSequentially(TestNG.java:1301)
	at org.testng.TestNG.runSuitesLocally(TestNG.java:1226)
	at org.testng.TestNG.runSuites(TestNG.java:1144)
	at org.testng.TestNG.run(TestNG.java:1115)
	at org.apache.maven.surefire.testng.TestNGExecutor.run(TestNGExecutor.java:135)
	at org.apache.maven.surefire.testng.TestNGDirectoryTestSuite.executeMulti(TestNGDirectoryTestSuite.java:193)
	at org.apache.maven.surefire.testng.TestNGDirectoryTestSuite.execute(TestNGDirectoryTestSuite.java:94)
	at org.apache.maven.surefire.testng.TestNGProvider.invoke(TestNGProvider.java:146)
	at org.apache.maven.surefire.booter.ForkedBooter.invokeProviderInSameClassLoader(ForkedBooter.java:386)
	at org.apache.maven.surefire.booter.ForkedBooter.runSuitesInProcess(ForkedBooter.java:323)
	at org.apache.maven.surefire.booter.ForkedBooter.main(ForkedBooter.java:143)
</pre></div></td>
<td>0</td>
<td>TestParamLimit@35bbe5e8</td></tr>
<tr>
<td title='TestParamQ.testWithSetQParam()'><b>testWithSetQParam</b><br>Test class: TestParamQ<br/>
<a href="#Output-1957502751" onClick='toggleBox("Output-1957502751", this, "Show output", "Hide output");'>Show output</a>

<a href="#Output-1957502751" onClick="toggleAllBoxes();">Show all outputs</a>
<div class='log' id="Output-1957502751">
Voyager 1: Three "Tsunami Waves" in Interstellar Space - Passed<br/>
Title: 'Delta IV: Launch' nor description: 'Courtesy of United Launch Alliance' contains searched word: Voyager<br/>
</div>
</td>
<td><div><pre>java.lang.AssertionError
	at TestParamQ.testWithSetQParam(TestParamQ.java:55)
... Removed 29 stack frames</pre></div><a href='#' onClick='toggleBox("stack-trace1957502751", this, "Click to show all stack frames", "Click to hide stack frames")'>Click to show all stack frames</a>
<div class='stack-trace' id='stack-trace1957502751'><pre>java.lang.AssertionError
	at TestParamQ.testWithSetQParam(TestParamQ.java:55)
	at sun.reflect.NativeMethodAccessorImpl.invoke0(Native Method)
	at sun.reflect.NativeMethodAccessorImpl.invoke(NativeMethodAccessorImpl.java:62)
	at sun.reflect.DelegatingMethodAccessorImpl.invoke(DelegatingMethodAccessorImpl.java:43)
	at java.lang.reflect.Method.invoke(Method.java:498)
	at org.testng.internal.MethodInvocationHelper.invokeMethod(MethodInvocationHelper.java:108)
	at org.testng.internal.Invoker.invokeMethod(Invoker.java:661)
	at org.testng.internal.Invoker.invokeTestMethod(Invoker.java:869)
	at org.testng.internal.Invoker.invokeTestMethods(Invoker.java:1193)
	at org.testng.internal.TestMethodWorker.invokeTestMethods(TestMethodWorker.java:126)
	at org.testng.internal.TestMethodWorker.run(TestMethodWorker.java:109)
	at org.testng.TestRunner.privateRun(TestRunner.java:744)
	at org.testng.TestRunner.run(TestRunner.java:602)
	at org.testng.SuiteRunner.runTest(SuiteRunner.java:380)
	at org.testng.SuiteRunner.runSequentially(SuiteRunner.java:375)
	at org.testng.SuiteRunner.privateRun(SuiteRunner.java:340)
	at org.testng.SuiteRunner.run(SuiteRunner.java:289)
	at org.testng.SuiteRunnerWorker.runSuite(SuiteRunnerWorker.java:52)
	at org.testng.SuiteRunnerWorker.run(SuiteRunnerWorker.java:86)
	at org.testng.TestNG.runSuitesSequentially(TestNG.java:1301)
	at org.testng.TestNG.runSuitesLocally(TestNG.java:1226)
	at org.testng.TestNG.runSuites(TestNG.java:1144)
	at org.testng.TestNG.run(TestNG.java:1115)
	at org.apache.maven.surefire.testng.TestNGExecutor.run(TestNGExecutor.java:135)
	at org.apache.maven.surefire.testng.TestNGDirectoryTestSuite.executeMulti(TestNGDirectoryTestSuite.java:193)
	at org.apache.maven.surefire.testng.TestNGDirectoryTestSuite.execute(TestNGDirectoryTestSuite.java:94)
	at org.apache.maven.surefire.testng.TestNGProvider.invoke(TestNGProvider.java:146)
	at org.apache.maven.surefire.booter.ForkedBooter.invokeProviderInSameClassLoader(ForkedBooter.java:386)
	at org.apache.maven.surefire.booter.ForkedBooter.runSuitesInProcess(ForkedBooter.java:323)
	at org.apache.maven.surefire.booter.ForkedBooter.main(ForkedBooter.java:143)
</pre></div></td>
<td>0</td>
<td>TestParamQ@5a39699c</td></tr>
</table><p>
<table width='100%' border='1' class='invocation-passed'>
<tr><td colspan='4' align='center'><b>PASSED TESTS</b></td></tr>
<tr><td><b>Test method</b></td>
<td width="30%"><b>Exception</b></td>
<td width="10%"><b>Time (seconds)</b></td>
<td><b>Instance</b></td>
</tr>
<tr>
<td title='TestMethods.TestMethodDELETE()'><b>TestMethodDELETE</b><br>Test class: TestMethods</td>
<td><div><pre>java.io.IOException: Server returned HTTP response code: 405 for URL: https://api.nasa.gov/planetary/sounds?api_key=rJh6i4JLqs5HqTJcuDgA0qojWq1UY45Oq5qDS3sF
	at sun.net.www.protocol.http.HttpURLConnection.getInputStream0(HttpURLConnection.java:1876)
	at sun.net.www.protocol.http.HttpURLConnection.getInputStream(HttpURLConnection.java:1474)
	at sun.net.www.protocol.https.HttpsURLConnectionImpl.getInputStream(HttpsURLConnectionImpl.java:254)
	at Downloader.download(Downloader.java:64)
	at TestMethods.TestMethodDELETE(TestMethods.java:20)
... Removed 29 stack frames</pre></div><a href='#' onClick='toggleBox("stack-trace438135304", this, "Click to show all stack frames", "Click to hide stack frames")'>Click to show all stack frames</a>
<div class='stack-trace' id='stack-trace438135304'><pre>java.io.IOException: Server returned HTTP response code: 405 for URL: https://api.nasa.gov/planetary/sounds?api_key=rJh6i4JLqs5HqTJcuDgA0qojWq1UY45Oq5qDS3sF
	at sun.net.www.protocol.http.HttpURLConnection.getInputStream0(HttpURLConnection.java:1876)
	at sun.net.www.protocol.http.HttpURLConnection.getInputStream(HttpURLConnection.java:1474)
	at sun.net.www.protocol.https.HttpsURLConnectionImpl.getInputStream(HttpsURLConnectionImpl.java:254)
	at Downloader.download(Downloader.java:64)
	at TestMethods.TestMethodDELETE(TestMethods.java:20)
	at sun.reflect.NativeMethodAccessorImpl.invoke0(Native Method)
	at sun.reflect.NativeMethodAccessorImpl.invoke(NativeMethodAccessorImpl.java:62)
	at sun.reflect.DelegatingMethodAccessorImpl.invoke(DelegatingMethodAccessorImpl.java:43)
	at java.lang.reflect.Method.invoke(Method.java:498)
	at org.testng.internal.MethodInvocationHelper.invokeMethod(MethodInvocationHelper.java:108)
	at org.testng.internal.Invoker.invokeMethod(Invoker.java:661)
	at org.testng.internal.Invoker.invokeTestMethod(Invoker.java:869)
	at org.testng.internal.Invoker.invokeTestMethods(Invoker.java:1193)
	at org.testng.internal.TestMethodWorker.invokeTestMethods(TestMethodWorker.java:126)
	at org.testng.internal.TestMethodWorker.run(TestMethodWorker.java:109)
	at org.testng.TestRunner.privateRun(TestRunner.java:744)
	at org.testng.TestRunner.run(TestRunner.java:602)
	at org.testng.SuiteRunner.runTest(SuiteRunner.java:380)
	at org.testng.SuiteRunner.runSequentially(SuiteRunner.java:375)
	at org.testng.SuiteRunner.privateRun(SuiteRunner.java:340)
	at org.testng.SuiteRunner.run(SuiteRunner.java:289)
	at org.testng.SuiteRunnerWorker.runSuite(SuiteRunnerWorker.java:52)
	at org.testng.SuiteRunnerWorker.run(SuiteRunnerWorker.java:86)
	at org.testng.TestNG.runSuitesSequentially(TestNG.java:1301)
	at org.testng.TestNG.runSuitesLocally(TestNG.java:1226)
	at org.testng.TestNG.runSuites(TestNG.java:1144)
	at org.testng.TestNG.run(TestNG.java:1115)
	at org.apache.maven.surefire.testng.TestNGExecutor.run(TestNGExecutor.java:135)
	at org.apache.maven.surefire.testng.TestNGDirectoryTestSuite.executeMulti(TestNGDirectoryTestSuite.java:193)
	at org.apache.maven.surefire.testng.TestNGDirectoryTestSuite.execute(TestNGDirectoryTestSuite.java:94)
	at org.apache.maven.surefire.testng.TestNGProvider.invoke(TestNGProvider.java:146)
	at org.apache.maven.surefire.booter.ForkedBooter.invokeProviderInSameClassLoader(ForkedBooter.java:386)
	at org.apache.maven.surefire.booter.ForkedBooter.runSuitesInProcess(ForkedBooter.java:323)
	at org.apache.maven.surefire.booter.ForkedBooter.main(ForkedBooter.java:143)
</pre></div></td>
<td>1</td>
<td>TestMethods@3f0ee7cb</td></tr>
<tr>
<td title='TestMethods.TestMethodGET()'><b>TestMethodGET</b><br>Test class: TestMethods<br/>
<a href="#Output-662736689" onClick='toggleBox("Output-662736689", this, "Show output", "Hide output");'>Show output</a>

<a href="#Output-662736689" onClick="toggleAllBoxes();">Show all outputs</a>
<div class='log' id="Output-662736689">
{"count": 10, "results": [{"description": "The Voyager 1 spacecraft has experienced three \"tsunami waves\" in interstellar space. Listen to how these waves cause surrounding ionized matter to ring. More details on this sound can be found here: http://www.nasa.gov/jpl/nasa-voyager-tsunami-wave-still-flies-through-interstellar-space/", "license": "cc-by-nc-sa", "title": "Voyager 1: Three \"Tsunami Waves\" in Interstellar Space", "download_url": "https://api.soundcloud.com/tracks/181835738/download", "duration": 18365, "last_modified": "2014/12/16 22:34:23 +0000", "stream_url": "https://api.soundcloud.com/tracks/181835738/stream", "tag_list": "Space", "id": 181835738}, {"description": "Courtesy of United Launch Alliance", "license": "cc-by-nc", "title": "Delta IV: Launch", "download_url": "https://api.soundcloud.com/tracks/173578614/download", "duration": 30095, "last_modified": "2014/10/24 02:16:33 +0000", "stream_url": "https://api.soundcloud.com/tracks/173578614/stream", "tag_list": "space", "id": 173578614}, {"description": null, "license": "cc-by-nc", "title": "Wheel Stop", "download_url": "https://api.soundcloud.com/tracks/172463130/download", "duration": 5903, "last_modified": "2014/10/16 19:29:13 +0000", "stream_url": "https://api.soundcloud.com/tracks/172463130/stream", "tag_list": "space", "id": 172463130}, {"description": null, "license": "cc-by-nc", "title": "Vector Transfer", "download_url": "https://api.soundcloud.com/tracks/172463129/download", "duration": 3760, "last_modified": "2014/10/16 19:29:12 +0000", "stream_url": "https://api.soundcloud.com/tracks/172463129/stream", "tag_list": "space", "id": 172463129}, {"description": null, "license": "cc-by-nc", "title": "Roger Roll", "download_url": "https://api.soundcloud.com/tracks/172463128/download", "duration": 1515, "last_modified": "2014/10/16 19:29:12 +0000", "stream_url": "https://api.soundcloud.com/tracks/172463128/stream", "tag_list": "space", "id": 172463128}, {"description": null, "license": "cc-by-nc", "title": "On its way to Orbit", "download_url": "https://api.soundcloud.com/tracks/172463126/download", "duration": 7497, "last_modified": "2014/10/16 19:29:12 +0000", "stream_url": "https://api.soundcloud.com/tracks/172463126/stream", "tag_list": "space", "id": 172463126}, {"description": null, "license": "cc-by-nc", "title": "Press to ATO", "download_url": "https://api.soundcloud.com/tracks/172463124/download", "duration": 2560, "last_modified": "2014/10/16 19:29:12 +0000", "stream_url": "https://api.soundcloud.com/tracks/172463124/stream", "tag_list": "space", "id": 172463124}, {"description": null, "license": "cc-by-nc", "title": "Nice to be in Orbit", "download_url": "https://api.soundcloud.com/tracks/172463122/download", "duration": 5641, "last_modified": "2014/10/16 19:29:11 +0000", "stream_url": "https://api.soundcloud.com/tracks/172463122/stream", "tag_list": "space", "id": 172463122}, {"description": null, "license": "cc-by-nc", "title": "MECO", "download_url": "https://api.soundcloud.com/tracks/172463117/download", "duration": 3187, "last_modified": "2014/10/16 19:29:11 +0000", "stream_url": "https://api.soundcloud.com/tracks/172463117/stream", "tag_list": "space", "id": 172463117}, {"description": null, "license": "cc-by-nc", "title": "Lookin At It", "download_url": "https://api.soundcloud.com/tracks/172463116/download", "duration": 2429, "last_modified": "2014/10/16 19:29:10 +0000", "stream_url": "https://api.soundcloud.com/tracks/172463116/stream", "tag_list": "space", "id": 172463116}]}<br/>
</div>
</td>
<td></td>
<td>0</td>
<td>TestMethods@3f0ee7cb</td></tr>
<tr>
<td title='TestMethods.TestMethodPOST()'><b>TestMethodPOST</b><br>Test class: TestMethods</td>
<td><div><pre>java.io.IOException: Server returned HTTP response code: 405 for URL: https://api.nasa.gov/planetary/sounds?api_key=rJh6i4JLqs5HqTJcuDgA0qojWq1UY45Oq5qDS3sF
	at sun.net.www.protocol.http.HttpURLConnection.getInputStream0(HttpURLConnection.java:1876)
	at sun.net.www.protocol.http.HttpURLConnection.getInputStream(HttpURLConnection.java:1474)
	at sun.net.www.protocol.https.HttpsURLConnectionImpl.getInputStream(HttpsURLConnectionImpl.java:254)
	at Downloader.download(Downloader.java:64)
	at TestMethods.TestMethodPOST(TestMethods.java:12)
... Removed 29 stack frames</pre></div><a href='#' onClick='toggleBox("stack-trace1131316523", this, "Click to show all stack frames", "Click to hide stack frames")'>Click to show all stack frames</a>
<div class='stack-trace' id='stack-trace1131316523'><pre>java.io.IOException: Server returned HTTP response code: 405 for URL: https://api.nasa.gov/planetary/sounds?api_key=rJh6i4JLqs5HqTJcuDgA0qojWq1UY45Oq5qDS3sF
	at sun.net.www.protocol.http.HttpURLConnection.getInputStream0(HttpURLConnection.java:1876)
	at sun.net.www.protocol.http.HttpURLConnection.getInputStream(HttpURLConnection.java:1474)
	at sun.net.www.protocol.https.HttpsURLConnectionImpl.getInputStream(HttpsURLConnectionImpl.java:254)
	at Downloader.download(Downloader.java:64)
	at TestMethods.TestMethodPOST(TestMethods.java:12)
	at sun.reflect.NativeMethodAccessorImpl.invoke0(Native Method)
	at sun.reflect.NativeMethodAccessorImpl.invoke(NativeMethodAccessorImpl.java:62)
	at sun.reflect.DelegatingMethodAccessorImpl.invoke(DelegatingMethodAccessorImpl.java:43)
	at java.lang.reflect.Method.invoke(Method.java:498)
	at org.testng.internal.MethodInvocationHelper.invokeMethod(MethodInvocationHelper.java:108)
	at org.testng.internal.Invoker.invokeMethod(Invoker.java:661)
	at org.testng.internal.Invoker.invokeTestMethod(Invoker.java:869)
	at org.testng.internal.Invoker.invokeTestMethods(Invoker.java:1193)
	at org.testng.internal.TestMethodWorker.invokeTestMethods(TestMethodWorker.java:126)
	at org.testng.internal.TestMethodWorker.run(TestMethodWorker.java:109)
	at org.testng.TestRunner.privateRun(TestRunner.java:744)
	at org.testng.TestRunner.run(TestRunner.java:602)
	at org.testng.SuiteRunner.runTest(SuiteRunner.java:380)
	at org.testng.SuiteRunner.runSequentially(SuiteRunner.java:375)
	at org.testng.SuiteRunner.privateRun(SuiteRunner.java:340)
	at org.testng.SuiteRunner.run(SuiteRunner.java:289)
	at org.testng.SuiteRunnerWorker.runSuite(SuiteRunnerWorker.java:52)
	at org.testng.SuiteRunnerWorker.run(SuiteRunnerWorker.java:86)
	at org.testng.TestNG.runSuitesSequentially(TestNG.java:1301)
	at org.testng.TestNG.runSuitesLocally(TestNG.java:1226)
	at org.testng.TestNG.runSuites(TestNG.java:1144)
	at org.testng.TestNG.run(TestNG.java:1115)
	at org.apache.maven.surefire.testng.TestNGExecutor.run(TestNGExecutor.java:135)
	at org.apache.maven.surefire.testng.TestNGDirectoryTestSuite.executeMulti(TestNGDirectoryTestSuite.java:193)
	at org.apache.maven.surefire.testng.TestNGDirectoryTestSuite.execute(TestNGDirectoryTestSuite.java:94)
	at org.apache.maven.surefire.testng.TestNGProvider.invoke(TestNGProvider.java:146)
	at org.apache.maven.surefire.booter.ForkedBooter.invokeProviderInSameClassLoader(ForkedBooter.java:386)
	at org.apache.maven.surefire.booter.ForkedBooter.runSuitesInProcess(ForkedBooter.java:323)
	at org.apache.maven.surefire.booter.ForkedBooter.main(ForkedBooter.java:143)
</pre></div></td>
<td>0</td>
<td>TestMethods@3f0ee7cb</td></tr>
<tr>
<td title='TestMethods.TestMethodPUT()'><b>TestMethodPUT</b><br>Test class: TestMethods</td>
<td><div><pre>java.io.IOException: Server returned HTTP response code: 405 for URL: https://api.nasa.gov/planetary/sounds?api_key=rJh6i4JLqs5HqTJcuDgA0qojWq1UY45Oq5qDS3sF
	at sun.net.www.protocol.http.HttpURLConnection.getInputStream0(HttpURLConnection.java:1876)
	at sun.net.www.protocol.http.HttpURLConnection.getInputStream(HttpURLConnection.java:1474)
	at sun.net.www.protocol.https.HttpsURLConnectionImpl.getInputStream(HttpsURLConnectionImpl.java:254)
	at Downloader.download(Downloader.java:64)
	at TestMethods.TestMethodPUT(TestMethods.java:28)
... Removed 29 stack frames</pre></div><a href='#' onClick='toggleBox("stack-trace1045941616", this, "Click to show all stack frames", "Click to hide stack frames")'>Click to show all stack frames</a>
<div class='stack-trace' id='stack-trace1045941616'><pre>java.io.IOException: Server returned HTTP response code: 405 for URL: https://api.nasa.gov/planetary/sounds?api_key=rJh6i4JLqs5HqTJcuDgA0qojWq1UY45Oq5qDS3sF
	at sun.net.www.protocol.http.HttpURLConnection.getInputStream0(HttpURLConnection.java:1876)
	at sun.net.www.protocol.http.HttpURLConnection.getInputStream(HttpURLConnection.java:1474)
	at sun.net.www.protocol.https.HttpsURLConnectionImpl.getInputStream(HttpsURLConnectionImpl.java:254)
	at Downloader.download(Downloader.java:64)
	at TestMethods.TestMethodPUT(TestMethods.java:28)
	at sun.reflect.NativeMethodAccessorImpl.invoke0(Native Method)
	at sun.reflect.NativeMethodAccessorImpl.invoke(NativeMethodAccessorImpl.java:62)
	at sun.reflect.DelegatingMethodAccessorImpl.invoke(DelegatingMethodAccessorImpl.java:43)
	at java.lang.reflect.Method.invoke(Method.java:498)
	at org.testng.internal.MethodInvocationHelper.invokeMethod(MethodInvocationHelper.java:108)
	at org.testng.internal.Invoker.invokeMethod(Invoker.java:661)
	at org.testng.internal.Invoker.invokeTestMethod(Invoker.java:869)
	at org.testng.internal.Invoker.invokeTestMethods(Invoker.java:1193)
	at org.testng.internal.TestMethodWorker.invokeTestMethods(TestMethodWorker.java:126)
	at org.testng.internal.TestMethodWorker.run(TestMethodWorker.java:109)
	at org.testng.TestRunner.privateRun(TestRunner.java:744)
	at org.testng.TestRunner.run(TestRunner.java:602)
	at org.testng.SuiteRunner.runTest(SuiteRunner.java:380)
	at org.testng.SuiteRunner.runSequentially(SuiteRunner.java:375)
	at org.testng.SuiteRunner.privateRun(SuiteRunner.java:340)
	at org.testng.SuiteRunner.run(SuiteRunner.java:289)
	at org.testng.SuiteRunnerWorker.runSuite(SuiteRunnerWorker.java:52)
	at org.testng.SuiteRunnerWorker.run(SuiteRunnerWorker.java:86)
	at org.testng.TestNG.runSuitesSequentially(TestNG.java:1301)
	at org.testng.TestNG.runSuitesLocally(TestNG.java:1226)
	at org.testng.TestNG.runSuites(TestNG.java:1144)
	at org.testng.TestNG.run(TestNG.java:1115)
	at org.apache.maven.surefire.testng.TestNGExecutor.run(TestNGExecutor.java:135)
	at org.apache.maven.surefire.testng.TestNGDirectoryTestSuite.executeMulti(TestNGDirectoryTestSuite.java:193)
	at org.apache.maven.surefire.testng.TestNGDirectoryTestSuite.execute(TestNGDirectoryTestSuite.java:94)
	at org.apache.maven.surefire.testng.TestNGProvider.invoke(TestNGProvider.java:146)
	at org.apache.maven.surefire.booter.ForkedBooter.invokeProviderInSameClassLoader(ForkedBooter.java:386)
	at org.apache.maven.surefire.booter.ForkedBooter.runSuitesInProcess(ForkedBooter.java:323)
	at org.apache.maven.surefire.booter.ForkedBooter.main(ForkedBooter.java:143)
</pre></div></td>
<td>0</td>
<td>TestMethods@3f0ee7cb</td></tr>
<tr>
<td title='TestParamApiKey.TestWithGeneratedKey()'><b>TestWithGeneratedKey</b><br>Test class: TestParamApiKey<br/>
<a href="#Output-246399377" onClick='toggleBox("Output-246399377", this, "Show output", "Hide output");'>Show output</a>

<a href="#Output-246399377" onClick="toggleAllBoxes();">Show all outputs</a>
<div class='log' id="Output-246399377">
{"count": 10, "results": [{"description": "The Voyager 1 spacecraft has experienced three \"tsunami waves\" in interstellar space. Listen to how these waves cause surrounding ionized matter to ring. More details on this sound can be found here: http://www.nasa.gov/jpl/nasa-voyager-tsunami-wave-still-flies-through-interstellar-space/", "license": "cc-by-nc-sa", "title": "Voyager 1: Three \"Tsunami Waves\" in Interstellar Space", "download_url": "https://api.soundcloud.com/tracks/181835738/download", "duration": 18365, "last_modified": "2014/12/16 22:34:23 +0000", "stream_url": "https://api.soundcloud.com/tracks/181835738/stream", "tag_list": "Space", "id": 181835738}, {"description": "Courtesy of United Launch Alliance", "license": "cc-by-nc", "title": "Delta IV: Launch", "download_url": "https://api.soundcloud.com/tracks/173578614/download", "duration": 30095, "last_modified": "2014/10/24 02:16:33 +0000", "stream_url": "https://api.soundcloud.com/tracks/173578614/stream", "tag_list": "space", "id": 173578614}, {"description": null, "license": "cc-by-nc", "title": "Wheel Stop", "download_url": "https://api.soundcloud.com/tracks/172463130/download", "duration": 5903, "last_modified": "2014/10/16 19:29:13 +0000", "stream_url": "https://api.soundcloud.com/tracks/172463130/stream", "tag_list": "space", "id": 172463130}, {"description": null, "license": "cc-by-nc", "title": "Vector Transfer", "download_url": "https://api.soundcloud.com/tracks/172463129/download", "duration": 3760, "last_modified": "2014/10/16 19:29:12 +0000", "stream_url": "https://api.soundcloud.com/tracks/172463129/stream", "tag_list": "space", "id": 172463129}, {"description": null, "license": "cc-by-nc", "title": "Roger Roll", "download_url": "https://api.soundcloud.com/tracks/172463128/download", "duration": 1515, "last_modified": "2014/10/16 19:29:12 +0000", "stream_url": "https://api.soundcloud.com/tracks/172463128/stream", "tag_list": "space", "id": 172463128}, {"description": null, "license": "cc-by-nc", "title": "On its way to Orbit", "download_url": "https://api.soundcloud.com/tracks/172463126/download", "duration": 7497, "last_modified": "2014/10/16 19:29:12 +0000", "stream_url": "https://api.soundcloud.com/tracks/172463126/stream", "tag_list": "space", "id": 172463126}, {"description": null, "license": "cc-by-nc", "title": "Press to ATO", "download_url": "https://api.soundcloud.com/tracks/172463124/download", "duration": 2560, "last_modified": "2014/10/16 19:29:12 +0000", "stream_url": "https://api.soundcloud.com/tracks/172463124/stream", "tag_list": "space", "id": 172463124}, {"description": null, "license": "cc-by-nc", "title": "Nice to be in Orbit", "download_url": "https://api.soundcloud.com/tracks/172463122/download", "duration": 5641, "last_modified": "2014/10/16 19:29:11 +0000", "stream_url": "https://api.soundcloud.com/tracks/172463122/stream", "tag_list": "space", "id": 172463122}, {"description": null, "license": "cc-by-nc", "title": "MECO", "download_url": "https://api.soundcloud.com/tracks/172463117/download", "duration": 3187, "last_modified": "2014/10/16 19:29:11 +0000", "stream_url": "https://api.soundcloud.com/tracks/172463117/stream", "tag_list": "space", "id": 172463117}, {"description": null, "license": "cc-by-nc", "title": "Lookin At It", "download_url": "https://api.soundcloud.com/tracks/172463116/download", "duration": 2429, "last_modified": "2014/10/16 19:29:10 +0000", "stream_url": "https://api.soundcloud.com/tracks/172463116/stream", "tag_list": "space", "id": 172463116}]}<br/>
</div>
</td>
<td></td>
<td>0</td>
<td>TestParamApiKey@2c8d66b2</td></tr>
<tr>
<td title='TestParamApiKey.TestWithNoKey()'><b>TestWithNoKey</b><br>Test class: TestParamApiKey</td>
<td><div><pre>java.io.IOException: Server returned HTTP response code: 403 for URL: https://api.nasa.gov/planetary/sounds
	at sun.net.www.protocol.http.HttpURLConnection.getInputStream0(HttpURLConnection.java:1876)
	at sun.net.www.protocol.http.HttpURLConnection.getInputStream(HttpURLConnection.java:1474)
	at sun.net.www.protocol.https.HttpsURLConnectionImpl.getInputStream(HttpsURLConnectionImpl.java:254)
	at java.net.URL.openStream(URL.java:1045)
	at Downloader.download(Downloader.java:38)
	at TestParamApiKey.TestWithNoKey(TestParamApiKey.java:13)
... Removed 29 stack frames</pre></div><a href='#' onClick='toggleBox("stack-trace1630521067", this, "Click to show all stack frames", "Click to hide stack frames")'>Click to show all stack frames</a>
<div class='stack-trace' id='stack-trace1630521067'><pre>java.io.IOException: Server returned HTTP response code: 403 for URL: https://api.nasa.gov/planetary/sounds
	at sun.net.www.protocol.http.HttpURLConnection.getInputStream0(HttpURLConnection.java:1876)
	at sun.net.www.protocol.http.HttpURLConnection.getInputStream(HttpURLConnection.java:1474)
	at sun.net.www.protocol.https.HttpsURLConnectionImpl.getInputStream(HttpsURLConnectionImpl.java:254)
	at java.net.URL.openStream(URL.java:1045)
	at Downloader.download(Downloader.java:38)
	at TestParamApiKey.TestWithNoKey(TestParamApiKey.java:13)
	at sun.reflect.NativeMethodAccessorImpl.invoke0(Native Method)
	at sun.reflect.NativeMethodAccessorImpl.invoke(NativeMethodAccessorImpl.java:62)
	at sun.reflect.DelegatingMethodAccessorImpl.invoke(DelegatingMethodAccessorImpl.java:43)
	at java.lang.reflect.Method.invoke(Method.java:498)
	at org.testng.internal.MethodInvocationHelper.invokeMethod(MethodInvocationHelper.java:108)
	at org.testng.internal.Invoker.invokeMethod(Invoker.java:661)
	at org.testng.internal.Invoker.invokeTestMethod(Invoker.java:869)
	at org.testng.internal.Invoker.invokeTestMethods(Invoker.java:1193)
	at org.testng.internal.TestMethodWorker.invokeTestMethods(TestMethodWorker.java:126)
	at org.testng.internal.TestMethodWorker.run(TestMethodWorker.java:109)
	at org.testng.TestRunner.privateRun(TestRunner.java:744)
	at org.testng.TestRunner.run(TestRunner.java:602)
	at org.testng.SuiteRunner.runTest(SuiteRunner.java:380)
	at org.testng.SuiteRunner.runSequentially(SuiteRunner.java:375)
	at org.testng.SuiteRunner.privateRun(SuiteRunner.java:340)
	at org.testng.SuiteRunner.run(SuiteRunner.java:289)
	at org.testng.SuiteRunnerWorker.runSuite(SuiteRunnerWorker.java:52)
	at org.testng.SuiteRunnerWorker.run(SuiteRunnerWorker.java:86)
	at org.testng.TestNG.runSuitesSequentially(TestNG.java:1301)
	at org.testng.TestNG.runSuitesLocally(TestNG.java:1226)
	at org.testng.TestNG.runSuites(TestNG.java:1144)
	at org.testng.TestNG.run(TestNG.java:1115)
	at org.apache.maven.surefire.testng.TestNGExecutor.run(TestNGExecutor.java:135)
	at org.apache.maven.surefire.testng.TestNGDirectoryTestSuite.executeMulti(TestNGDirectoryTestSuite.java:193)
	at org.apache.maven.surefire.testng.TestNGDirectoryTestSuite.execute(TestNGDirectoryTestSuite.java:94)
	at org.apache.maven.surefire.testng.TestNGProvider.invoke(TestNGProvider.java:146)
	at org.apache.maven.surefire.booter.ForkedBooter.invokeProviderInSameClassLoader(ForkedBooter.java:386)
	at org.apache.maven.surefire.booter.ForkedBooter.runSuitesInProcess(ForkedBooter.java:323)
	at org.apache.maven.surefire.booter.ForkedBooter.main(ForkedBooter.java:143)
</pre></div></td>
<td>0</td>
<td>TestParamApiKey@2c8d66b2</td></tr>
<tr>
<td title='TestParamApiKey.TestWithRightKey()'><b>TestWithRightKey</b><br>Test class: TestParamApiKey<br/>
<a href="#Output-1629911510" onClick='toggleBox("Output-1629911510", this, "Show output", "Hide output");'>Show output</a>

<a href="#Output-1629911510" onClick="toggleAllBoxes();">Show all outputs</a>
<div class='log' id="Output-1629911510">
{"count": 10, "results": [{"description": "The Voyager 1 spacecraft has experienced three \"tsunami waves\" in interstellar space. Listen to how these waves cause surrounding ionized matter to ring. More details on this sound can be found here: http://www.nasa.gov/jpl/nasa-voyager-tsunami-wave-still-flies-through-interstellar-space/", "license": "cc-by-nc-sa", "title": "Voyager 1: Three \"Tsunami Waves\" in Interstellar Space", "download_url": "https://api.soundcloud.com/tracks/181835738/download", "duration": 18365, "last_modified": "2014/12/16 22:34:23 +0000", "stream_url": "https://api.soundcloud.com/tracks/181835738/stream", "tag_list": "Space", "id": 181835738}, {"description": "Courtesy of United Launch Alliance", "license": "cc-by-nc", "title": "Delta IV: Launch", "download_url": "https://api.soundcloud.com/tracks/173578614/download", "duration": 30095, "last_modified": "2014/10/24 02:16:33 +0000", "stream_url": "https://api.soundcloud.com/tracks/173578614/stream", "tag_list": "space", "id": 173578614}, {"description": null, "license": "cc-by-nc", "title": "Wheel Stop", "download_url": "https://api.soundcloud.com/tracks/172463130/download", "duration": 5903, "last_modified": "2014/10/16 19:29:13 +0000", "stream_url": "https://api.soundcloud.com/tracks/172463130/stream", "tag_list": "space", "id": 172463130}, {"description": null, "license": "cc-by-nc", "title": "Vector Transfer", "download_url": "https://api.soundcloud.com/tracks/172463129/download", "duration": 3760, "last_modified": "2014/10/16 19:29:12 +0000", "stream_url": "https://api.soundcloud.com/tracks/172463129/stream", "tag_list": "space", "id": 172463129}, {"description": null, "license": "cc-by-nc", "title": "Roger Roll", "download_url": "https://api.soundcloud.com/tracks/172463128/download", "duration": 1515, "last_modified": "2014/10/16 19:29:12 +0000", "stream_url": "https://api.soundcloud.com/tracks/172463128/stream", "tag_list": "space", "id": 172463128}, {"description": null, "license": "cc-by-nc", "title": "On its way to Orbit", "download_url": "https://api.soundcloud.com/tracks/172463126/download", "duration": 7497, "last_modified": "2014/10/16 19:29:12 +0000", "stream_url": "https://api.soundcloud.com/tracks/172463126/stream", "tag_list": "space", "id": 172463126}, {"description": null, "license": "cc-by-nc", "title": "Press to ATO", "download_url": "https://api.soundcloud.com/tracks/172463124/download", "duration": 2560, "last_modified": "2014/10/16 19:29:12 +0000", "stream_url": "https://api.soundcloud.com/tracks/172463124/stream", "tag_list": "space", "id": 172463124}, {"description": null, "license": "cc-by-nc", "title": "Nice to be in Orbit", "download_url": "https://api.soundcloud.com/tracks/172463122/download", "duration": 5641, "last_modified": "2014/10/16 19:29:11 +0000", "stream_url": "https://api.soundcloud.com/tracks/172463122/stream", "tag_list": "space", "id": 172463122}, {"description": null, "license": "cc-by-nc", "title": "MECO", "download_url": "https://api.soundcloud.com/tracks/172463117/download", "duration": 3187, "last_modified": "2014/10/16 19:29:11 +0000", "stream_url": "https://api.soundcloud.com/tracks/172463117/stream", "tag_list": "space", "id": 172463117}, {"description": null, "license": "cc-by-nc", "title": "Lookin At It", "download_url": "https://api.soundcloud.com/tracks/172463116/download", "duration": 2429, "last_modified": "2014/10/16 19:29:10 +0000", "stream_url": "https://api.soundcloud.com/tracks/172463116/stream", "tag_list": "space", "id": 172463116}]}<br/>
</div>
</td>
<td></td>
<td>0</td>
<td>TestParamApiKey@2c8d66b2</td></tr>
<tr>
<td title='TestParamApiKey.TestWithWrongKey()'><b>TestWithWrongKey</b><br>Test class: TestParamApiKey</td>
<td><div><pre>java.io.IOException: Server returned HTTP response code: 403 for URL: https://api.nasa.gov/planetary/sounds?api_key=WrongKey
	at sun.net.www.protocol.http.HttpURLConnection.getInputStream0(HttpURLConnection.java:1876)
	at sun.net.www.protocol.http.HttpURLConnection.getInputStream(HttpURLConnection.java:1474)
	at sun.net.www.protocol.https.HttpsURLConnectionImpl.getInputStream(HttpsURLConnectionImpl.java:254)
	at java.net.URL.openStream(URL.java:1045)
	at Downloader.download(Downloader.java:38)
	at TestParamApiKey.TestWithWrongKey(TestParamApiKey.java:21)
... Removed 29 stack frames</pre></div><a href='#' onClick='toggleBox("stack-trace292917034", this, "Click to show all stack frames", "Click to hide stack frames")'>Click to show all stack frames</a>
<div class='stack-trace' id='stack-trace292917034'><pre>java.io.IOException: Server returned HTTP response code: 403 for URL: https://api.nasa.gov/planetary/sounds?api_key=WrongKey
	at sun.net.www.protocol.http.HttpURLConnection.getInputStream0(HttpURLConnection.java:1876)
	at sun.net.www.protocol.http.HttpURLConnection.getInputStream(HttpURLConnection.java:1474)
	at sun.net.www.protocol.https.HttpsURLConnectionImpl.getInputStream(HttpsURLConnectionImpl.java:254)
	at java.net.URL.openStream(URL.java:1045)
	at Downloader.download(Downloader.java:38)
	at TestParamApiKey.TestWithWrongKey(TestParamApiKey.java:21)
	at sun.reflect.NativeMethodAccessorImpl.invoke0(Native Method)
	at sun.reflect.NativeMethodAccessorImpl.invoke(NativeMethodAccessorImpl.java:62)
	at sun.reflect.DelegatingMethodAccessorImpl.invoke(DelegatingMethodAccessorImpl.java:43)
	at java.lang.reflect.Method.invoke(Method.java:498)
	at org.testng.internal.MethodInvocationHelper.invokeMethod(MethodInvocationHelper.java:108)
	at org.testng.internal.Invoker.invokeMethod(Invoker.java:661)
	at org.testng.internal.Invoker.invokeTestMethod(Invoker.java:869)
	at org.testng.internal.Invoker.invokeTestMethods(Invoker.java:1193)
	at org.testng.internal.TestMethodWorker.invokeTestMethods(TestMethodWorker.java:126)
	at org.testng.internal.TestMethodWorker.run(TestMethodWorker.java:109)
	at org.testng.TestRunner.privateRun(TestRunner.java:744)
	at org.testng.TestRunner.run(TestRunner.java:602)
	at org.testng.SuiteRunner.runTest(SuiteRunner.java:380)
	at org.testng.SuiteRunner.runSequentially(SuiteRunner.java:375)
	at org.testng.SuiteRunner.privateRun(SuiteRunner.java:340)
	at org.testng.SuiteRunner.run(SuiteRunner.java:289)
	at org.testng.SuiteRunnerWorker.runSuite(SuiteRunnerWorker.java:52)
	at org.testng.SuiteRunnerWorker.run(SuiteRunnerWorker.java:86)
	at org.testng.TestNG.runSuitesSequentially(TestNG.java:1301)
	at org.testng.TestNG.runSuitesLocally(TestNG.java:1226)
	at org.testng.TestNG.runSuites(TestNG.java:1144)
	at org.testng.TestNG.run(TestNG.java:1115)
	at org.apache.maven.surefire.testng.TestNGExecutor.run(TestNGExecutor.java:135)
	at org.apache.maven.surefire.testng.TestNGDirectoryTestSuite.executeMulti(TestNGDirectoryTestSuite.java:193)
	at org.apache.maven.surefire.testng.TestNGDirectoryTestSuite.execute(TestNGDirectoryTestSuite.java:94)
	at org.apache.maven.surefire.testng.TestNGProvider.invoke(TestNGProvider.java:146)
	at org.apache.maven.surefire.booter.ForkedBooter.invokeProviderInSameClassLoader(ForkedBooter.java:386)
	at org.apache.maven.surefire.booter.ForkedBooter.runSuitesInProcess(ForkedBooter.java:323)
	at org.apache.maven.surefire.booter.ForkedBooter.main(ForkedBooter.java:143)
</pre></div></td>
<td>0</td>
<td>TestParamApiKey@2c8d66b2</td></tr>
<tr>
<td title='TestRequestLimit.testDemoKeyValuesDecrease()'><b>testDemoKeyValuesDecrease</b><br>Test class: TestRequestLimit<br/>
<a href="#Output-140799417" onClick='toggleBox("Output-140799417", this, "Show output", "Hide output");'>Show output</a>

<a href="#Output-140799417" onClick="toggleAllBoxes();">Show all outputs</a>
<div class='log' id="Output-140799417">
Rate limit 1: 33
Rate limit 2: 32<br/>
</div>
</td>
<td></td>
<td>0</td>
<td>TestRequestLimit@3cb5cdba</td></tr>
<tr>
<td title='TestRequestLimit.testDepletingRateLimit()'><b>testDepletingRateLimit</b><br>Test class: TestRequestLimit</td>
<td><div><pre>java.io.IOException: Server returned HTTP response code: 429 for URL: https://api.nasa.gov/planetary/sounds?q=apollo&amp;api_key=4zEoms78OihAkm93u2cFpTfwwcXsdYHZq4akm0Tw
	at sun.net.www.protocol.http.HttpURLConnection.getInputStream0(HttpURLConnection.java:1876)
	at sun.net.www.protocol.http.HttpURLConnection.getInputStream(HttpURLConnection.java:1474)
	at sun.net.www.protocol.https.HttpsURLConnectionImpl.getInputStream(HttpsURLConnectionImpl.java:254)
	at java.net.URL.openStream(URL.java:1045)
	at Downloader.download(Downloader.java:38)
	at TestRequestLimit.testDepletingRateLimit(TestRequestLimit.java:149)
... Removed 29 stack frames</pre></div><a href='#' onClick='toggleBox("stack-trace1181869371", this, "Click to show all stack frames", "Click to hide stack frames")'>Click to show all stack frames</a>
<div class='stack-trace' id='stack-trace1181869371'><pre>java.io.IOException: Server returned HTTP response code: 429 for URL: https://api.nasa.gov/planetary/sounds?q=apollo&amp;api_key=4zEoms78OihAkm93u2cFpTfwwcXsdYHZq4akm0Tw
	at sun.net.www.protocol.http.HttpURLConnection.getInputStream0(HttpURLConnection.java:1876)
	at sun.net.www.protocol.http.HttpURLConnection.getInputStream(HttpURLConnection.java:1474)
	at sun.net.www.protocol.https.HttpsURLConnectionImpl.getInputStream(HttpsURLConnectionImpl.java:254)
	at java.net.URL.openStream(URL.java:1045)
	at Downloader.download(Downloader.java:38)
	at TestRequestLimit.testDepletingRateLimit(TestRequestLimit.java:149)
	at sun.reflect.NativeMethodAccessorImpl.invoke0(Native Method)
	at sun.reflect.NativeMethodAccessorImpl.invoke(NativeMethodAccessorImpl.java:62)
	at sun.reflect.DelegatingMethodAccessorImpl.invoke(DelegatingMethodAccessorImpl.java:43)
	at java.lang.reflect.Method.invoke(Method.java:498)
	at org.testng.internal.MethodInvocationHelper.invokeMethod(MethodInvocationHelper.java:108)
	at org.testng.internal.Invoker.invokeMethod(Invoker.java:661)
	at org.testng.internal.Invoker.invokeTestMethod(Invoker.java:869)
	at org.testng.internal.Invoker.invokeTestMethods(Invoker.java:1193)
	at org.testng.internal.TestMethodWorker.invokeTestMethods(TestMethodWorker.java:126)
	at org.testng.internal.TestMethodWorker.run(TestMethodWorker.java:109)
	at org.testng.TestRunner.privateRun(TestRunner.java:744)
	at org.testng.TestRunner.run(TestRunner.java:602)
	at org.testng.SuiteRunner.runTest(SuiteRunner.java:380)
	at org.testng.SuiteRunner.runSequentially(SuiteRunner.java:375)
	at org.testng.SuiteRunner.privateRun(SuiteRunner.java:340)
	at org.testng.SuiteRunner.run(SuiteRunner.java:289)
	at org.testng.SuiteRunnerWorker.runSuite(SuiteRunnerWorker.java:52)
	at org.testng.SuiteRunnerWorker.run(SuiteRunnerWorker.java:86)
	at org.testng.TestNG.runSuitesSequentially(TestNG.java:1301)
	at org.testng.TestNG.runSuitesLocally(TestNG.java:1226)
	at org.testng.TestNG.runSuites(TestNG.java:1144)
	at org.testng.TestNG.run(TestNG.java:1115)
	at org.apache.maven.surefire.testng.TestNGExecutor.run(TestNGExecutor.java:135)
	at org.apache.maven.surefire.testng.TestNGDirectoryTestSuite.executeMulti(TestNGDirectoryTestSuite.java:193)
	at org.apache.maven.surefire.testng.TestNGDirectoryTestSuite.execute(TestNGDirectoryTestSuite.java:94)
	at org.apache.maven.surefire.testng.TestNGProvider.invoke(TestNGProvider.java:146)
	at org.apache.maven.surefire.booter.ForkedBooter.invokeProviderInSameClassLoader(ForkedBooter.java:386)
	at org.apache.maven.surefire.booter.ForkedBooter.runSuitesInProcess(ForkedBooter.java:323)
	at org.apache.maven.surefire.booter.ForkedBooter.main(ForkedBooter.java:143)
</pre></div></td>
<td>0</td>
<td>TestRequestLimit@3cb5cdba</td></tr>
<tr>
<td title='TestRequestLimit.testDeveloperKeyValues()'><b>testDeveloperKeyValues</b><br>Test class: TestRequestLimit<br/>
<a href="#Output-110431793" onClick='toggleBox("Output-110431793", this, "Show output", "Hide output");'>Show output</a>

<a href="#Output-110431793" onClick="toggleAllBoxes();">Show all outputs</a>
<div class='log' id="Output-110431793">
Rate limit: 1000Rate limit remaining: 970
Rate limit expected: 1000<br/>
</div>
</td>
<td></td>
<td>0</td>
<td>TestRequestLimit@3cb5cdba</td></tr>
<tr>
<td title='TestRequestLimit.testDeveloperKeyValuesDecrease()'><b>testDeveloperKeyValuesDecrease</b><br>Test class: TestRequestLimit<br/>
<a href="#Output-1391942103" onClick='toggleBox("Output-1391942103", this, "Show output", "Hide output");'>Show output</a>

<a href="#Output-1391942103" onClick="toggleAllBoxes();">Show all outputs</a>
<div class='log' id="Output-1391942103">
Rate limit 1: 969
Rate limit 2: 968<br/>
</div>
</td>
<td></td>
<td>0</td>
<td>TestRequestLimit@3cb5cdba</td></tr>
<tr>
<td title='TestResponseJSON.testJSONContainsAllSections()'><b>testJSONContainsAllSections</b><br>Test class: TestResponseJSON</td>
<td></td>
<td>0</td>
<td>TestResponseJSON@7dc36524</td></tr>
<tr>
<td title='TestResponseJSON.testJSONValid()'><b>testJSONValid</b><br>Test class: TestResponseJSON</td>
<td></td>
<td>0</td>
<td>TestResponseJSON@7dc36524</td></tr>
<tr>
<td title='TestParamLimit.testNegativeValues()'><b>testNegativeValues</b><br>Test class: TestParamLimit</td>
<td></td>
<td>0</td>
<td>TestParamLimit@35bbe5e8</td></tr>
<tr>
<td title='TestParamLimit.testResponseLength20()'><b>testResponseLength20</b><br>Test class: TestParamLimit</td>
<td></td>
<td>0</td>
<td>TestParamLimit@35bbe5e8</td></tr>
<tr>
<td title='TestParamLimit.testResponseLengthMax()'><b>testResponseLengthMax</b><br>Test class: TestParamLimit</td>
<td></td>
<td>0</td>
<td>TestParamLimit@35bbe5e8</td></tr>
<tr>
<td title='TestParamLimit.testResponseLengthNoParam()'><b>testResponseLengthNoParam</b><br>Test class: TestParamLimit</td>
<td></td>
<td>0</td>
<td>TestParamLimit@35bbe5e8</td></tr>
<tr>
<td title='TestParamQ.testWithNoQParam()'><b>testWithNoQParam</b><br>Test class: TestParamQ</td>
<td></td>
<td>0</td>
<td>TestParamQ@5a39699c</td></tr>
<tr>
<td title='TestParamLimit.testZero()'><b>testZero</b><br>Test class: TestParamLimit</td>
<td></td>
<td>0</td>
<td>TestParamLimit@35bbe5e8</td></tr>
</table><p>
</body>
</html>