<?xml version="1.0" encoding="UTF-8"?>
<testng-results skipped="0" failed="3" ignored="0" total="19" passed="16">
  <reporter-output>
    <line>
      <![CDATA[{"count": 10, "results": [{"description": "The Voyager 1 spacecraft has experienced three \"tsunami waves\" in interstellar space. Listen to how these waves cause surrounding ionized matter to ring. More details on this sound can be found here: http://www.nasa.gov/jpl/nasa-voyager-tsunami-wave-still-flies-through-interstellar-space/", "license": "cc-by-nc-sa", "title": "Voyager 1: Three \"Tsunami Waves\" in Interstellar Space", "download_url": "https://api.soundcloud.com/tracks/181835738/download", "duration": 18365, "last_modified": "2014/12/16 22:34:23 +0000", "stream_url": "https://api.soundcloud.com/tracks/181835738/stream", "tag_list": "Space", "id": 181835738}, {"description": "Courtesy of United Launch Alliance", "license": "cc-by-nc", "title": "Delta IV: Launch", "download_url": "https://api.soundcloud.com/tracks/173578614/download", "duration": 30095, "last_modified": "2014/10/24 02:16:33 +0000", "stream_url": "https://api.soundcloud.com/tracks/173578614/stream", "tag_list": "space", "id": 173578614}, {"description": null, "license": "cc-by-nc", "title": "Wheel Stop", "download_url": "https://api.soundcloud.com/tracks/172463130/download", "duration": 5903, "last_modified": "2014/10/16 19:29:13 +0000", "stream_url": "https://api.soundcloud.com/tracks/172463130/stream", "tag_list": "space", "id": 172463130}, {"description": null, "license": "cc-by-nc", "title": "Vector Transfer", "download_url": "https://api.soundcloud.com/tracks/172463129/download", "duration": 3760, "last_modified": "2014/10/16 19:29:12 +0000", "stream_url": "https://api.soundcloud.com/tracks/172463129/stream", "tag_list": "space", "id": 172463129}, {"description": null, "license": "cc-by-nc", "title": "Roger Roll", "download_url": "https://api.soundcloud.com/tracks/172463128/download", "duration": 1515, "last_modified": "2014/10/16 19:29:12 +0000", "stream_url": "https://api.soundcloud.com/tracks/172463128/stream", "tag_list": "space", "id": 172463128}, {"description": null, "license": "cc-by-nc", "title": "On its way to Orbit", "download_url": "https://api.soundcloud.com/tracks/172463126/download", "duration": 7497, "last_modified": "2014/10/16 19:29:12 +0000", "stream_url": "https://api.soundcloud.com/tracks/172463126/stream", "tag_list": "space", "id": 172463126}, {"description": null, "license": "cc-by-nc", "title": "Press to ATO", "download_url": "https://api.soundcloud.com/tracks/172463124/download", "duration": 2560, "last_modified": "2014/10/16 19:29:12 +0000", "stream_url": "https://api.soundcloud.com/tracks/172463124/stream", "tag_list": "space", "id": 172463124}, {"description": null, "license": "cc-by-nc", "title": "Nice to be in Orbit", "download_url": "https://api.soundcloud.com/tracks/172463122/download", "duration": 5641, "last_modified": "2014/10/16 19:29:11 +0000", "stream_url": "https://api.soundcloud.com/tracks/172463122/stream", "tag_list": "space", "id": 172463122}, {"description": null, "license": "cc-by-nc", "title": "MECO", "download_url": "https://api.soundcloud.com/tracks/172463117/download", "duration": 3187, "last_modified": "2014/10/16 19:29:11 +0000", "stream_url": "https://api.soundcloud.com/tracks/172463117/stream", "tag_list": "space", "id": 172463117}, {"description": null, "license": "cc-by-nc", "title": "Lookin At It", "download_url": "https://api.soundcloud.com/tracks/172463116/download", "duration": 2429, "last_modified": "2014/10/16 19:29:10 +0000", "stream_url": "https://api.soundcloud.com/tracks/172463116/stream", "tag_list": "space", "id": 172463116}]}]]>
    </line>
    <line>
      <![CDATA[{"count": 10, "results": [{"description": "The Voyager 1 spacecraft has experienced three \"tsunami waves\" in interstellar space. Listen to how these waves cause surrounding ionized matter to ring. More details on this sound can be found here: http://www.nasa.gov/jpl/nasa-voyager-tsunami-wave-still-flies-through-interstellar-space/", "license": "cc-by-nc-sa", "title": "Voyager 1: Three \"Tsunami Waves\" in Interstellar Space", "download_url": "https://api.soundcloud.com/tracks/181835738/download", "duration": 18365, "last_modified": "2014/12/16 22:34:23 +0000", "stream_url": "https://api.soundcloud.com/tracks/181835738/stream", "tag_list": "Space", "id": 181835738}, {"description": "Courtesy of United Launch Alliance", "license": "cc-by-nc", "title": "Delta IV: Launch", "download_url": "https://api.soundcloud.com/tracks/173578614/download", "duration": 30095, "last_modified": "2014/10/24 02:16:33 +0000", "stream_url": "https://api.soundcloud.com/tracks/173578614/stream", "tag_list": "space", "id": 173578614}, {"description": null, "license": "cc-by-nc", "title": "Wheel Stop", "download_url": "https://api.soundcloud.com/tracks/172463130/download", "duration": 5903, "last_modified": "2014/10/16 19:29:13 +0000", "stream_url": "https://api.soundcloud.com/tracks/172463130/stream", "tag_list": "space", "id": 172463130}, {"description": null, "license": "cc-by-nc", "title": "Vector Transfer", "download_url": "https://api.soundcloud.com/tracks/172463129/download", "duration": 3760, "last_modified": "2014/10/16 19:29:12 +0000", "stream_url": "https://api.soundcloud.com/tracks/172463129/stream", "tag_list": "space", "id": 172463129}, {"description": null, "license": "cc-by-nc", "title": "Roger Roll", "download_url": "https://api.soundcloud.com/tracks/172463128/download", "duration": 1515, "last_modified": "2014/10/16 19:29:12 +0000", "stream_url": "https://api.soundcloud.com/tracks/172463128/stream", "tag_list": "space", "id": 172463128}, {"description": null, "license": "cc-by-nc", "title": "On its way to Orbit", "download_url": "https://api.soundcloud.com/tracks/172463126/download", "duration": 7497, "last_modified": "2014/10/16 19:29:12 +0000", "stream_url": "https://api.soundcloud.com/tracks/172463126/stream", "tag_list": "space", "id": 172463126}, {"description": null, "license": "cc-by-nc", "title": "Press to ATO", "download_url": "https://api.soundcloud.com/tracks/172463124/download", "duration": 2560, "last_modified": "2014/10/16 19:29:12 +0000", "stream_url": "https://api.soundcloud.com/tracks/172463124/stream", "tag_list": "space", "id": 172463124}, {"description": null, "license": "cc-by-nc", "title": "Nice to be in Orbit", "download_url": "https://api.soundcloud.com/tracks/172463122/download", "duration": 5641, "last_modified": "2014/10/16 19:29:11 +0000", "stream_url": "https://api.soundcloud.com/tracks/172463122/stream", "tag_list": "space", "id": 172463122}, {"description": null, "license": "cc-by-nc", "title": "MECO", "download_url": "https://api.soundcloud.com/tracks/172463117/download", "duration": 3187, "last_modified": "2014/10/16 19:29:11 +0000", "stream_url": "https://api.soundcloud.com/tracks/172463117/stream", "tag_list": "space", "id": 172463117}, {"description": null, "license": "cc-by-nc", "title": "Lookin At It", "download_url": "https://api.soundcloud.com/tracks/172463116/download", "duration": 2429, "last_modified": "2014/10/16 19:29:10 +0000", "stream_url": "https://api.soundcloud.com/tracks/172463116/stream", "tag_list": "space", "id": 172463116}]}]]>
    </line>
    <line>
      <![CDATA[Voyager 1: Three "Tsunami Waves" in Interstellar Space - Passed]]>
    </line>
    <line>
      <![CDATA[Title: 'Delta IV: Launch' nor description: 'Courtesy of United Launch Alliance' contains searched word: Voyager]]>
    </line>
    <line>
      <![CDATA[Total rate limit: 40Rate limit remaining: 38
Total rate limit expected: 30]]>
    </line>
    <line>
      <![CDATA[Rate limit 1: 37
Rate limit 2: 36]]>
    </line>
    <line>
      <![CDATA[Rate limit: 1000Rate limit remaining: 988
Rate limit expected: 1000]]>
    </line>
    <line>
      <![CDATA[Rate limit 1: 987
Rate limit 2: 986]]>
    </line>
  </reporter-output>
  <suite name="Surefire suite" duration-ms="8228" started-at="2017-07-03T12:06:30Z" finished-at="2017-07-03T12:06:38Z">
    <groups>
      <group name="regression">
        <method signature="TestResponseJSON.testJSONContainsAllSections()[pri:0, instance:TestResponseJSON@7e0babb1]" name="testJSONContainsAllSections" class="TestResponseJSON"/>
        <method signature="TestResponseJSON.testJSONValid()[pri:0, instance:TestResponseJSON@7e0babb1]" name="testJSONValid" class="TestResponseJSON"/>
      </group> <!-- regression -->
      <group name="sanity">
        <method signature="TestResponseJSON.testJSONValid()[pri:0, instance:TestResponseJSON@7e0babb1]" name="testJSONValid" class="TestResponseJSON"/>
      </group> <!-- sanity -->
    </groups>
    <test name="Surefire test" duration-ms="8228" started-at="2017-07-03T12:06:30Z" finished-at="2017-07-03T12:06:38Z">
      <class name="TestParamQ">
        <test-method status="PASS" signature="testWithNoQParam()[pri:0, instance:TestParamQ@3f0ee7cb]" name="testWithNoQParam" duration-ms="586" started-at="2017-07-03T14:06:34Z" finished-at="2017-07-03T14:06:35Z">
          <reporter-output>
          </reporter-output>
        </test-method> <!-- testWithNoQParam -->
        <test-method status="FAIL" signature="testWithSetQParam()[pri:0, instance:TestParamQ@3f0ee7cb]" name="testWithSetQParam" duration-ms="201" started-at="2017-07-03T14:06:35Z" finished-at="2017-07-03T14:06:35Z">
          <exception class="java.lang.AssertionError">
            <full-stacktrace>
              <![CDATA[java.lang.AssertionError
	at TestParamQ.testWithSetQParam(TestParamQ.java:55)
	at sun.reflect.NativeMethodAccessorImpl.invoke0(Native Method)
	at sun.reflect.NativeMethodAccessorImpl.invoke(NativeMethodAccessorImpl.java:62)
	at sun.reflect.DelegatingMethodAccessorImpl.invoke(DelegatingMethodAccessorImpl.java:43)
	at java.lang.reflect.Method.invoke(Method.java:498)
	at org.testng.internal.MethodInvocationHelper.invokeMethod(MethodInvocationHelper.java:108)
	at org.testng.internal.Invoker.invokeMethod(Invoker.java:661)
	at org.testng.internal.Invoker.invokeTestMethod(Invoker.java:869)
	at org.testng.internal.Invoker.invokeTestMethods(Invoker.java:1193)
	at org.testng.internal.TestMethodWorker.invokeTestMethods(TestMethodWorker.java:126)
	at org.testng.internal.TestMethodWorker.run(TestMethodWorker.java:109)
	at org.testng.TestRunner.privateRun(TestRunner.java:744)
	at org.testng.TestRunner.run(TestRunner.java:602)
	at org.testng.SuiteRunner.runTest(SuiteRunner.java:380)
	at org.testng.SuiteRunner.runSequentially(SuiteRunner.java:375)
	at org.testng.SuiteRunner.privateRun(SuiteRunner.java:340)
	at org.testng.SuiteRunner.run(SuiteRunner.java:289)
	at org.testng.SuiteRunnerWorker.runSuite(SuiteRunnerWorker.java:52)
	at org.testng.SuiteRunnerWorker.run(SuiteRunnerWorker.java:86)
	at org.testng.TestNG.runSuitesSequentially(TestNG.java:1301)
	at org.testng.TestNG.runSuitesLocally(TestNG.java:1226)
	at org.testng.TestNG.runSuites(TestNG.java:1144)
	at org.testng.TestNG.run(TestNG.java:1115)
	at org.apache.maven.surefire.testng.TestNGExecutor.run(TestNGExecutor.java:135)
	at org.apache.maven.surefire.testng.TestNGDirectoryTestSuite.executeMulti(TestNGDirectoryTestSuite.java:193)
	at org.apache.maven.surefire.testng.TestNGDirectoryTestSuite.execute(TestNGDirectoryTestSuite.java:94)
	at org.apache.maven.surefire.testng.TestNGProvider.invoke(TestNGProvider.java:146)
	at org.apache.maven.surefire.booter.ForkedBooter.invokeProviderInSameClassLoader(ForkedBooter.java:386)
	at org.apache.maven.surefire.booter.ForkedBooter.runSuitesInProcess(ForkedBooter.java:323)
	at org.apache.maven.surefire.booter.ForkedBooter.main(ForkedBooter.java:143)
]]>
            </full-stacktrace>
          </exception> <!-- java.lang.AssertionError -->
          <reporter-output>
            <line>
              <![CDATA[Voyager 1: Three "Tsunami Waves" in Interstellar Space - Passed]]>
            </line>
            <line>
              <![CDATA[Title: 'Delta IV: Launch' nor description: 'Courtesy of United Launch Alliance' contains searched word: Voyager]]>
            </line>
          </reporter-output>
        </test-method> <!-- testWithSetQParam -->
      </class> <!-- TestParamQ -->
      <class name="TestResponseJSON">
        <test-method status="PASS" signature="testJSONContainsAllSections()[pri:0, instance:TestResponseJSON@7e0babb1]" name="testJSONContainsAllSections" duration-ms="1361" started-at="2017-07-03T14:06:30Z" finished-at="2017-07-03T14:06:31Z">
          <reporter-output>
          </reporter-output>
        </test-method> <!-- testJSONContainsAllSections -->
        <test-method status="PASS" signature="testJSONValid()[pri:0, instance:TestResponseJSON@7e0babb1]" name="testJSONValid" duration-ms="293" started-at="2017-07-03T14:06:31Z" finished-at="2017-07-03T14:06:32Z">
          <reporter-output>
          </reporter-output>
        </test-method> <!-- testJSONValid -->
      </class> <!-- TestResponseJSON -->
      <class name="TestRequestLimit">
        <test-method status="FAIL" signature="testDemoKeyValues()[pri:0, instance:TestRequestLimit@75bd9247]" name="testDemoKeyValues" duration-ms="241" started-at="2017-07-03T14:06:35Z" finished-at="2017-07-03T14:06:36Z">
          <exception class="java.lang.AssertionError">
            <full-stacktrace>
              <![CDATA[java.lang.AssertionError
	at TestRequestLimit.testDemoKeyValues(TestRequestLimit.java:42)
	at sun.reflect.NativeMethodAccessorImpl.invoke0(Native Method)
	at sun.reflect.NativeMethodAccessorImpl.invoke(NativeMethodAccessorImpl.java:62)
	at sun.reflect.DelegatingMethodAccessorImpl.invoke(DelegatingMethodAccessorImpl.java:43)
	at java.lang.reflect.Method.invoke(Method.java:498)
	at org.testng.internal.MethodInvocationHelper.invokeMethod(MethodInvocationHelper.java:108)
	at org.testng.internal.Invoker.invokeMethod(Invoker.java:661)
	at org.testng.internal.Invoker.invokeTestMethod(Invoker.java:869)
	at org.testng.internal.Invoker.invokeTestMethods(Invoker.java:1193)
	at org.testng.internal.TestMethodWorker.invokeTestMethods(TestMethodWorker.java:126)
	at org.testng.internal.TestMethodWorker.run(TestMethodWorker.java:109)
	at org.testng.TestRunner.privateRun(TestRunner.java:744)
	at org.testng.TestRunner.run(TestRunner.java:602)
	at org.testng.SuiteRunner.runTest(SuiteRunner.java:380)
	at org.testng.SuiteRunner.runSequentially(SuiteRunner.java:375)
	at org.testng.SuiteRunner.privateRun(SuiteRunner.java:340)
	at org.testng.SuiteRunner.run(SuiteRunner.java:289)
	at org.testng.SuiteRunnerWorker.runSuite(SuiteRunnerWorker.java:52)
	at org.testng.SuiteRunnerWorker.run(SuiteRunnerWorker.java:86)
	at org.testng.TestNG.runSuitesSequentially(TestNG.java:1301)
	at org.testng.TestNG.runSuitesLocally(TestNG.java:1226)
	at org.testng.TestNG.runSuites(TestNG.java:1144)
	at org.testng.TestNG.run(TestNG.java:1115)
	at org.apache.maven.surefire.testng.TestNGExecutor.run(TestNGExecutor.java:135)
	at org.apache.maven.surefire.testng.TestNGDirectoryTestSuite.executeMulti(TestNGDirectoryTestSuite.java:193)
	at org.apache.maven.surefire.testng.TestNGDirectoryTestSuite.execute(TestNGDirectoryTestSuite.java:94)
	at org.apache.maven.surefire.testng.TestNGProvider.invoke(TestNGProvider.java:146)
	at org.apache.maven.surefire.booter.ForkedBooter.invokeProviderInSameClassLoader(ForkedBooter.java:386)
	at org.apache.maven.surefire.booter.ForkedBooter.runSuitesInProcess(ForkedBooter.java:323)
	at org.apache.maven.surefire.booter.ForkedBooter.main(ForkedBooter.java:143)
]]>
            </full-stacktrace>
          </exception> <!-- java.lang.AssertionError -->
          <reporter-output>
            <line>
              <![CDATA[Total rate limit: 40Rate limit remaining: 38
Total rate limit expected: 30]]>
            </line>
          </reporter-output>
        </test-method> <!-- testDemoKeyValues -->
        <test-method status="PASS" signature="testDemoKeyValuesDecrease()[pri:0, instance:TestRequestLimit@75bd9247]" name="testDemoKeyValuesDecrease" duration-ms="892" started-at="2017-07-03T14:06:36Z" finished-at="2017-07-03T14:06:36Z">
          <reporter-output>
            <line>
              <![CDATA[Rate limit 1: 37
Rate limit 2: 36]]>
            </line>
          </reporter-output>
        </test-method> <!-- testDemoKeyValuesDecrease -->
        <test-method status="PASS" signature="testDepletingRateLimit()[pri:0, instance:TestRequestLimit@75bd9247]" name="testDepletingRateLimit" duration-ms="375" started-at="2017-07-03T14:06:36Z" finished-at="2017-07-03T14:06:37Z">
          <exception class="java.io.IOException">
            <message>
              <![CDATA[Server returned HTTP response code: 429 for URL: https://api.nasa.gov/planetary/sounds?q=apollo&api_key=4zEoms78OihAkm93u2cFpTfwwcXsdYHZq4akm0Tw]]>
            </message>
            <full-stacktrace>
              <![CDATA[java.io.IOException: Server returned HTTP response code: 429 for URL: https://api.nasa.gov/planetary/sounds?q=apollo&api_key=4zEoms78OihAkm93u2cFpTfwwcXsdYHZq4akm0Tw
	at sun.net.www.protocol.http.HttpURLConnection.getInputStream0(HttpURLConnection.java:1876)
	at sun.net.www.protocol.http.HttpURLConnection.getInputStream(HttpURLConnection.java:1474)
	at sun.net.www.protocol.https.HttpsURLConnectionImpl.getInputStream(HttpsURLConnectionImpl.java:254)
	at java.net.URL.openStream(URL.java:1045)
	at Downloader.download(Downloader.java:24)
	at TestRequestLimit.testDepletingRateLimit(TestRequestLimit.java:147)
	at sun.reflect.NativeMethodAccessorImpl.invoke0(Native Method)
	at sun.reflect.NativeMethodAccessorImpl.invoke(NativeMethodAccessorImpl.java:62)
	at sun.reflect.DelegatingMethodAccessorImpl.invoke(DelegatingMethodAccessorImpl.java:43)
	at java.lang.reflect.Method.invoke(Method.java:498)
	at org.testng.internal.MethodInvocationHelper.invokeMethod(MethodInvocationHelper.java:108)
	at org.testng.internal.Invoker.invokeMethod(Invoker.java:661)
	at org.testng.internal.Invoker.invokeTestMethod(Invoker.java:869)
	at org.testng.internal.Invoker.invokeTestMethods(Invoker.java:1193)
	at org.testng.internal.TestMethodWorker.invokeTestMethods(TestMethodWorker.java:126)
	at org.testng.internal.TestMethodWorker.run(TestMethodWorker.java:109)
	at org.testng.TestRunner.privateRun(TestRunner.java:744)
	at org.testng.TestRunner.run(TestRunner.java:602)
	at org.testng.SuiteRunner.runTest(SuiteRunner.java:380)
	at org.testng.SuiteRunner.runSequentially(SuiteRunner.java:375)
	at org.testng.SuiteRunner.privateRun(SuiteRunner.java:340)
	at org.testng.SuiteRunner.run(SuiteRunner.java:289)
	at org.testng.SuiteRunnerWorker.runSuite(SuiteRunnerWorker.java:52)
	at org.testng.SuiteRunnerWorker.run(SuiteRunnerWorker.java:86)
	at org.testng.TestNG.runSuitesSequentially(TestNG.java:1301)
	at org.testng.TestNG.runSuitesLocally(TestNG.java:1226)
	at org.testng.TestNG.runSuites(TestNG.java:1144)
	at org.testng.TestNG.run(TestNG.java:1115)
	at org.apache.maven.surefire.testng.TestNGExecutor.run(TestNGExecutor.java:135)
	at org.apache.maven.surefire.testng.TestNGDirectoryTestSuite.executeMulti(TestNGDirectoryTestSuite.java:193)
	at org.apache.maven.surefire.testng.TestNGDirectoryTestSuite.execute(TestNGDirectoryTestSuite.java:94)
	at org.apache.maven.surefire.testng.TestNGProvider.invoke(TestNGProvider.java:146)
	at org.apache.maven.surefire.booter.ForkedBooter.invokeProviderInSameClassLoader(ForkedBooter.java:386)
	at org.apache.maven.surefire.booter.ForkedBooter.runSuitesInProcess(ForkedBooter.java:323)
	at org.apache.maven.surefire.booter.ForkedBooter.main(ForkedBooter.java:143)
]]>
            </full-stacktrace>
          </exception> <!-- java.io.IOException -->
          <reporter-output>
          </reporter-output>
        </test-method> <!-- testDepletingRateLimit -->
        <test-method status="PASS" signature="testDeveloperKeyValues()[pri:0, instance:TestRequestLimit@75bd9247]" name="testDeveloperKeyValues" duration-ms="445" started-at="2017-07-03T14:06:37Z" finished-at="2017-07-03T14:06:37Z">
          <reporter-output>
            <line>
              <![CDATA[Rate limit: 1000Rate limit remaining: 988
Rate limit expected: 1000]]>
            </line>
          </reporter-output>
        </test-method> <!-- testDeveloperKeyValues -->
        <test-method status="PASS" signature="testDeveloperKeyValuesDecrease()[pri:0, instance:TestRequestLimit@75bd9247]" name="testDeveloperKeyValuesDecrease" duration-ms="891" started-at="2017-07-03T14:06:37Z" finished-at="2017-07-03T14:06:38Z">
          <reporter-output>
            <line>
              <![CDATA[Rate limit 1: 987
Rate limit 2: 986]]>
            </line>
          </reporter-output>
        </test-method> <!-- testDeveloperKeyValuesDecrease -->
      </class> <!-- TestRequestLimit -->
      <class name="TestParamLimit">
        <test-method status="PASS" signature="testNegativeValues()[pri:0, instance:TestParamLimit@2ff4f00f]" name="testNegativeValues" duration-ms="313" started-at="2017-07-03T14:06:32Z" finished-at="2017-07-03T14:06:32Z">
          <reporter-output>
          </reporter-output>
        </test-method> <!-- testNegativeValues -->
        <test-method status="PASS" signature="testResponseLength20()[pri:0, instance:TestParamLimit@2ff4f00f]" name="testResponseLength20" duration-ms="298" started-at="2017-07-03T14:06:32Z" finished-at="2017-07-03T14:06:32Z">
          <reporter-output>
          </reporter-output>
        </test-method> <!-- testResponseLength20 -->
        <test-method status="PASS" signature="testResponseLengthMax()[pri:0, instance:TestParamLimit@2ff4f00f]" name="testResponseLengthMax" duration-ms="424" started-at="2017-07-03T14:06:32Z" finished-at="2017-07-03T14:06:33Z">
          <reporter-output>
          </reporter-output>
        </test-method> <!-- testResponseLengthMax -->
        <test-method status="PASS" signature="testResponseLengthNoParam()[pri:0, instance:TestParamLimit@2ff4f00f]" name="testResponseLengthNoParam" duration-ms="282" started-at="2017-07-03T14:06:33Z" finished-at="2017-07-03T14:06:33Z">
          <reporter-output>
          </reporter-output>
        </test-method> <!-- testResponseLengthNoParam -->
        <test-method status="FAIL" signature="testString()[pri:0, instance:TestParamLimit@2ff4f00f]" name="testString" duration-ms="202" started-at="2017-07-03T14:06:33Z" finished-at="2017-07-03T14:06:33Z">
          <exception class="java.io.IOException">
            <message>
              <![CDATA[Server returned HTTP response code: 500 for URL: https://api.nasa.gov/planetary/sounds?limit=ten&api_key=rJh6i4JLqs5HqTJcuDgA0qojWq1UY45Oq5qDS3sF]]>
            </message>
            <full-stacktrace>
              <![CDATA[java.io.IOException: Server returned HTTP response code: 500 for URL: https://api.nasa.gov/planetary/sounds?limit=ten&api_key=rJh6i4JLqs5HqTJcuDgA0qojWq1UY45Oq5qDS3sF
	at sun.net.www.protocol.http.HttpURLConnection.getInputStream0(HttpURLConnection.java:1876)
	at sun.net.www.protocol.http.HttpURLConnection.getInputStream(HttpURLConnection.java:1474)
	at sun.net.www.protocol.https.HttpsURLConnectionImpl.getInputStream(HttpsURLConnectionImpl.java:254)
	at java.net.URL.openStream(URL.java:1045)
	at Downloader.download(Downloader.java:24)
	at TestParamLimit.testString(TestParamLimit.java:84)
	at sun.reflect.NativeMethodAccessorImpl.invoke0(Native Method)
	at sun.reflect.NativeMethodAccessorImpl.invoke(NativeMethodAccessorImpl.java:62)
	at sun.reflect.DelegatingMethodAccessorImpl.invoke(DelegatingMethodAccessorImpl.java:43)
	at java.lang.reflect.Method.invoke(Method.java:498)
	at org.testng.internal.MethodInvocationHelper.invokeMethod(MethodInvocationHelper.java:108)
	at org.testng.internal.Invoker.invokeMethod(Invoker.java:661)
	at org.testng.internal.Invoker.invokeTestMethod(Invoker.java:869)
	at org.testng.internal.Invoker.invokeTestMethods(Invoker.java:1193)
	at org.testng.internal.TestMethodWorker.invokeTestMethods(TestMethodWorker.java:126)
	at org.testng.internal.TestMethodWorker.run(TestMethodWorker.java:109)
	at org.testng.TestRunner.privateRun(TestRunner.java:744)
	at org.testng.TestRunner.run(TestRunner.java:602)
	at org.testng.SuiteRunner.runTest(SuiteRunner.java:380)
	at org.testng.SuiteRunner.runSequentially(SuiteRunner.java:375)
	at org.testng.SuiteRunner.privateRun(SuiteRunner.java:340)
	at org.testng.SuiteRunner.run(SuiteRunner.java:289)
	at org.testng.SuiteRunnerWorker.runSuite(SuiteRunnerWorker.java:52)
	at org.testng.SuiteRunnerWorker.run(SuiteRunnerWorker.java:86)
	at org.testng.TestNG.runSuitesSequentially(TestNG.java:1301)
	at org.testng.TestNG.runSuitesLocally(TestNG.java:1226)
	at org.testng.TestNG.runSuites(TestNG.java:1144)
	at org.testng.TestNG.run(TestNG.java:1115)
	at org.apache.maven.surefire.testng.TestNGExecutor.run(TestNGExecutor.java:135)
	at org.apache.maven.surefire.testng.TestNGDirectoryTestSuite.executeMulti(TestNGDirectoryTestSuite.java:193)
	at org.apache.maven.surefire.testng.TestNGDirectoryTestSuite.execute(TestNGDirectoryTestSuite.java:94)
	at org.apache.maven.surefire.testng.TestNGProvider.invoke(TestNGProvider.java:146)
	at org.apache.maven.surefire.booter.ForkedBooter.invokeProviderInSameClassLoader(ForkedBooter.java:386)
	at org.apache.maven.surefire.booter.ForkedBooter.runSuitesInProcess(ForkedBooter.java:323)
	at org.apache.maven.surefire.booter.ForkedBooter.main(ForkedBooter.java:143)
]]>
            </full-stacktrace>
          </exception> <!-- java.io.IOException -->
          <reporter-output>
          </reporter-output>
        </test-method> <!-- testString -->
        <test-method status="PASS" signature="testZero()[pri:0, instance:TestParamLimit@2ff4f00f]" name="testZero" duration-ms="447" started-at="2017-07-03T14:06:33Z" finished-at="2017-07-03T14:06:34Z">
          <reporter-output>
          </reporter-output>
        </test-method> <!-- testZero -->
      </class> <!-- TestParamLimit -->
      <class name="TestParamApiKey">
        <test-method status="PASS" signature="TestWithGeneratedKey()[pri:0, instance:TestParamApiKey@c818063]" name="TestWithGeneratedKey" duration-ms="200" started-at="2017-07-03T14:06:34Z" finished-at="2017-07-03T14:06:34Z">
          <reporter-output>
            <line>
              <![CDATA[{"count": 10, "results": [{"description": "The Voyager 1 spacecraft has experienced three \"tsunami waves\" in interstellar space. Listen to how these waves cause surrounding ionized matter to ring. More details on this sound can be found here: http://www.nasa.gov/jpl/nasa-voyager-tsunami-wave-still-flies-through-interstellar-space/", "license": "cc-by-nc-sa", "title": "Voyager 1: Three \"Tsunami Waves\" in Interstellar Space", "download_url": "https://api.soundcloud.com/tracks/181835738/download", "duration": 18365, "last_modified": "2014/12/16 22:34:23 +0000", "stream_url": "https://api.soundcloud.com/tracks/181835738/stream", "tag_list": "Space", "id": 181835738}, {"description": "Courtesy of United Launch Alliance", "license": "cc-by-nc", "title": "Delta IV: Launch", "download_url": "https://api.soundcloud.com/tracks/173578614/download", "duration": 30095, "last_modified": "2014/10/24 02:16:33 +0000", "stream_url": "https://api.soundcloud.com/tracks/173578614/stream", "tag_list": "space", "id": 173578614}, {"description": null, "license": "cc-by-nc", "title": "Wheel Stop", "download_url": "https://api.soundcloud.com/tracks/172463130/download", "duration": 5903, "last_modified": "2014/10/16 19:29:13 +0000", "stream_url": "https://api.soundcloud.com/tracks/172463130/stream", "tag_list": "space", "id": 172463130}, {"description": null, "license": "cc-by-nc", "title": "Vector Transfer", "download_url": "https://api.soundcloud.com/tracks/172463129/download", "duration": 3760, "last_modified": "2014/10/16 19:29:12 +0000", "stream_url": "https://api.soundcloud.com/tracks/172463129/stream", "tag_list": "space", "id": 172463129}, {"description": null, "license": "cc-by-nc", "title": "Roger Roll", "download_url": "https://api.soundcloud.com/tracks/172463128/download", "duration": 1515, "last_modified": "2014/10/16 19:29:12 +0000", "stream_url": "https://api.soundcloud.com/tracks/172463128/stream", "tag_list": "space", "id": 172463128}, {"description": null, "license": "cc-by-nc", "title": "On its way to Orbit", "download_url": "https://api.soundcloud.com/tracks/172463126/download", "duration": 7497, "last_modified": "2014/10/16 19:29:12 +0000", "stream_url": "https://api.soundcloud.com/tracks/172463126/stream", "tag_list": "space", "id": 172463126}, {"description": null, "license": "cc-by-nc", "title": "Press to ATO", "download_url": "https://api.soundcloud.com/tracks/172463124/download", "duration": 2560, "last_modified": "2014/10/16 19:29:12 +0000", "stream_url": "https://api.soundcloud.com/tracks/172463124/stream", "tag_list": "space", "id": 172463124}, {"description": null, "license": "cc-by-nc", "title": "Nice to be in Orbit", "download_url": "https://api.soundcloud.com/tracks/172463122/download", "duration": 5641, "last_modified": "2014/10/16 19:29:11 +0000", "stream_url": "https://api.soundcloud.com/tracks/172463122/stream", "tag_list": "space", "id": 172463122}, {"description": null, "license": "cc-by-nc", "title": "MECO", "download_url": "https://api.soundcloud.com/tracks/172463117/download", "duration": 3187, "last_modified": "2014/10/16 19:29:11 +0000", "stream_url": "https://api.soundcloud.com/tracks/172463117/stream", "tag_list": "space", "id": 172463117}, {"description": null, "license": "cc-by-nc", "title": "Lookin At It", "download_url": "https://api.soundcloud.com/tracks/172463116/download", "duration": 2429, "last_modified": "2014/10/16 19:29:10 +0000", "stream_url": "https://api.soundcloud.com/tracks/172463116/stream", "tag_list": "space", "id": 172463116}]}]]>
            </line>
          </reporter-output>
        </test-method> <!-- TestWithGeneratedKey -->
        <test-method status="PASS" signature="TestWithNoKey()[pri:0, instance:TestParamApiKey@c818063]" name="TestWithNoKey" duration-ms="125" started-at="2017-07-03T14:06:34Z" finished-at="2017-07-03T14:06:34Z">
          <exception class="java.io.IOException">
            <message>
              <![CDATA[Server returned HTTP response code: 403 for URL: https://api.nasa.gov/planetary/sounds]]>
            </message>
            <full-stacktrace>
              <![CDATA[java.io.IOException: Server returned HTTP response code: 403 for URL: https://api.nasa.gov/planetary/sounds
	at sun.net.www.protocol.http.HttpURLConnection.getInputStream0(HttpURLConnection.java:1876)
	at sun.net.www.protocol.http.HttpURLConnection.getInputStream(HttpURLConnection.java:1474)
	at sun.net.www.protocol.https.HttpsURLConnectionImpl.getInputStream(HttpsURLConnectionImpl.java:254)
	at java.net.URL.openStream(URL.java:1045)
	at Downloader.download(Downloader.java:24)
	at TestParamApiKey.TestWithNoKey(TestParamApiKey.java:13)
	at sun.reflect.NativeMethodAccessorImpl.invoke0(Native Method)
	at sun.reflect.NativeMethodAccessorImpl.invoke(NativeMethodAccessorImpl.java:62)
	at sun.reflect.DelegatingMethodAccessorImpl.invoke(DelegatingMethodAccessorImpl.java:43)
	at java.lang.reflect.Method.invoke(Method.java:498)
	at org.testng.internal.MethodInvocationHelper.invokeMethod(MethodInvocationHelper.java:108)
	at org.testng.internal.Invoker.invokeMethod(Invoker.java:661)
	at org.testng.internal.Invoker.invokeTestMethod(Invoker.java:869)
	at org.testng.internal.Invoker.invokeTestMethods(Invoker.java:1193)
	at org.testng.internal.TestMethodWorker.invokeTestMethods(TestMethodWorker.java:126)
	at org.testng.internal.TestMethodWorker.run(TestMethodWorker.java:109)
	at org.testng.TestRunner.privateRun(TestRunner.java:744)
	at org.testng.TestRunner.run(TestRunner.java:602)
	at org.testng.SuiteRunner.runTest(SuiteRunner.java:380)
	at org.testng.SuiteRunner.runSequentially(SuiteRunner.java:375)
	at org.testng.SuiteRunner.privateRun(SuiteRunner.java:340)
	at org.testng.SuiteRunner.run(SuiteRunner.java:289)
	at org.testng.SuiteRunnerWorker.runSuite(SuiteRunnerWorker.java:52)
	at org.testng.SuiteRunnerWorker.run(SuiteRunnerWorker.java:86)
	at org.testng.TestNG.runSuitesSequentially(TestNG.java:1301)
	at org.testng.TestNG.runSuitesLocally(TestNG.java:1226)
	at org.testng.TestNG.runSuites(TestNG.java:1144)
	at org.testng.TestNG.run(TestNG.java:1115)
	at org.apache.maven.surefire.testng.TestNGExecutor.run(TestNGExecutor.java:135)
	at org.apache.maven.surefire.testng.TestNGDirectoryTestSuite.executeMulti(TestNGDirectoryTestSuite.java:193)
	at org.apache.maven.surefire.testng.TestNGDirectoryTestSuite.execute(TestNGDirectoryTestSuite.java:94)
	at org.apache.maven.surefire.testng.TestNGProvider.invoke(TestNGProvider.java:146)
	at org.apache.maven.surefire.booter.ForkedBooter.invokeProviderInSameClassLoader(ForkedBooter.java:386)
	at org.apache.maven.surefire.booter.ForkedBooter.runSuitesInProcess(ForkedBooter.java:323)
	at org.apache.maven.surefire.booter.ForkedBooter.main(ForkedBooter.java:143)
]]>
            </full-stacktrace>
          </exception> <!-- java.io.IOException -->
          <reporter-output>
          </reporter-output>
        </test-method> <!-- TestWithNoKey -->
        <test-method status="PASS" signature="TestWithRightKey()[pri:0, instance:TestParamApiKey@c818063]" name="TestWithRightKey" duration-ms="452" started-at="2017-07-03T14:06:34Z" finished-at="2017-07-03T14:06:34Z">
          <reporter-output>
            <line>
              <![CDATA[{"count": 10, "results": [{"description": "The Voyager 1 spacecraft has experienced three \"tsunami waves\" in interstellar space. Listen to how these waves cause surrounding ionized matter to ring. More details on this sound can be found here: http://www.nasa.gov/jpl/nasa-voyager-tsunami-wave-still-flies-through-interstellar-space/", "license": "cc-by-nc-sa", "title": "Voyager 1: Three \"Tsunami Waves\" in Interstellar Space", "download_url": "https://api.soundcloud.com/tracks/181835738/download", "duration": 18365, "last_modified": "2014/12/16 22:34:23 +0000", "stream_url": "https://api.soundcloud.com/tracks/181835738/stream", "tag_list": "Space", "id": 181835738}, {"description": "Courtesy of United Launch Alliance", "license": "cc-by-nc", "title": "Delta IV: Launch", "download_url": "https://api.soundcloud.com/tracks/173578614/download", "duration": 30095, "last_modified": "2014/10/24 02:16:33 +0000", "stream_url": "https://api.soundcloud.com/tracks/173578614/stream", "tag_list": "space", "id": 173578614}, {"description": null, "license": "cc-by-nc", "title": "Wheel Stop", "download_url": "https://api.soundcloud.com/tracks/172463130/download", "duration": 5903, "last_modified": "2014/10/16 19:29:13 +0000", "stream_url": "https://api.soundcloud.com/tracks/172463130/stream", "tag_list": "space", "id": 172463130}, {"description": null, "license": "cc-by-nc", "title": "Vector Transfer", "download_url": "https://api.soundcloud.com/tracks/172463129/download", "duration": 3760, "last_modified": "2014/10/16 19:29:12 +0000", "stream_url": "https://api.soundcloud.com/tracks/172463129/stream", "tag_list": "space", "id": 172463129}, {"description": null, "license": "cc-by-nc", "title": "Roger Roll", "download_url": "https://api.soundcloud.com/tracks/172463128/download", "duration": 1515, "last_modified": "2014/10/16 19:29:12 +0000", "stream_url": "https://api.soundcloud.com/tracks/172463128/stream", "tag_list": "space", "id": 172463128}, {"description": null, "license": "cc-by-nc", "title": "On its way to Orbit", "download_url": "https://api.soundcloud.com/tracks/172463126/download", "duration": 7497, "last_modified": "2014/10/16 19:29:12 +0000", "stream_url": "https://api.soundcloud.com/tracks/172463126/stream", "tag_list": "space", "id": 172463126}, {"description": null, "license": "cc-by-nc", "title": "Press to ATO", "download_url": "https://api.soundcloud.com/tracks/172463124/download", "duration": 2560, "last_modified": "2014/10/16 19:29:12 +0000", "stream_url": "https://api.soundcloud.com/tracks/172463124/stream", "tag_list": "space", "id": 172463124}, {"description": null, "license": "cc-by-nc", "title": "Nice to be in Orbit", "download_url": "https://api.soundcloud.com/tracks/172463122/download", "duration": 5641, "last_modified": "2014/10/16 19:29:11 +0000", "stream_url": "https://api.soundcloud.com/tracks/172463122/stream", "tag_list": "space", "id": 172463122}, {"description": null, "license": "cc-by-nc", "title": "MECO", "download_url": "https://api.soundcloud.com/tracks/172463117/download", "duration": 3187, "last_modified": "2014/10/16 19:29:11 +0000", "stream_url": "https://api.soundcloud.com/tracks/172463117/stream", "tag_list": "space", "id": 172463117}, {"description": null, "license": "cc-by-nc", "title": "Lookin At It", "download_url": "https://api.soundcloud.com/tracks/172463116/download", "duration": 2429, "last_modified": "2014/10/16 19:29:10 +0000", "stream_url": "https://api.soundcloud.com/tracks/172463116/stream", "tag_list": "space", "id": 172463116}]}]]>
            </line>
          </reporter-output>
        </test-method> <!-- TestWithRightKey -->
        <test-method status="PASS" signature="TestWithWrongKey()[pri:0, instance:TestParamApiKey@c818063]" name="TestWithWrongKey" duration-ms="125" started-at="2017-07-03T14:06:34Z" finished-at="2017-07-03T14:06:34Z">
          <exception class="java.io.IOException">
            <message>
              <![CDATA[Server returned HTTP response code: 403 for URL: https://api.nasa.gov/planetary/sounds?api_key=WrongKey]]>
            </message>
            <full-stacktrace>
              <![CDATA[java.io.IOException: Server returned HTTP response code: 403 for URL: https://api.nasa.gov/planetary/sounds?api_key=WrongKey
	at sun.net.www.protocol.http.HttpURLConnection.getInputStream0(HttpURLConnection.java:1876)
	at sun.net.www.protocol.http.HttpURLConnection.getInputStream(HttpURLConnection.java:1474)
	at sun.net.www.protocol.https.HttpsURLConnectionImpl.getInputStream(HttpsURLConnectionImpl.java:254)
	at java.net.URL.openStream(URL.java:1045)
	at Downloader.download(Downloader.java:24)
	at TestParamApiKey.TestWithWrongKey(TestParamApiKey.java:21)
	at sun.reflect.NativeMethodAccessorImpl.invoke0(Native Method)
	at sun.reflect.NativeMethodAccessorImpl.invoke(NativeMethodAccessorImpl.java:62)
	at sun.reflect.DelegatingMethodAccessorImpl.invoke(DelegatingMethodAccessorImpl.java:43)
	at java.lang.reflect.Method.invoke(Method.java:498)
	at org.testng.internal.MethodInvocationHelper.invokeMethod(MethodInvocationHelper.java:108)
	at org.testng.internal.Invoker.invokeMethod(Invoker.java:661)
	at org.testng.internal.Invoker.invokeTestMethod(Invoker.java:869)
	at org.testng.internal.Invoker.invokeTestMethods(Invoker.java:1193)
	at org.testng.internal.TestMethodWorker.invokeTestMethods(TestMethodWorker.java:126)
	at org.testng.internal.TestMethodWorker.run(TestMethodWorker.java:109)
	at org.testng.TestRunner.privateRun(TestRunner.java:744)
	at org.testng.TestRunner.run(TestRunner.java:602)
	at org.testng.SuiteRunner.runTest(SuiteRunner.java:380)
	at org.testng.SuiteRunner.runSequentially(SuiteRunner.java:375)
	at org.testng.SuiteRunner.privateRun(SuiteRunner.java:340)
	at org.testng.SuiteRunner.run(SuiteRunner.java:289)
	at org.testng.SuiteRunnerWorker.runSuite(SuiteRunnerWorker.java:52)
	at org.testng.SuiteRunnerWorker.run(SuiteRunnerWorker.java:86)
	at org.testng.TestNG.runSuitesSequentially(TestNG.java:1301)
	at org.testng.TestNG.runSuitesLocally(TestNG.java:1226)
	at org.testng.TestNG.runSuites(TestNG.java:1144)
	at org.testng.TestNG.run(TestNG.java:1115)
	at org.apache.maven.surefire.testng.TestNGExecutor.run(TestNGExecutor.java:135)
	at org.apache.maven.surefire.testng.TestNGDirectoryTestSuite.executeMulti(TestNGDirectoryTestSuite.java:193)
	at org.apache.maven.surefire.testng.TestNGDirectoryTestSuite.execute(TestNGDirectoryTestSuite.java:94)
	at org.apache.maven.surefire.testng.TestNGProvider.invoke(TestNGProvider.java:146)
	at org.apache.maven.surefire.booter.ForkedBooter.invokeProviderInSameClassLoader(ForkedBooter.java:386)
	at org.apache.maven.surefire.booter.ForkedBooter.runSuitesInProcess(ForkedBooter.java:323)
	at org.apache.maven.surefire.booter.ForkedBooter.main(ForkedBooter.java:143)
]]>
            </full-stacktrace>
          </exception> <!-- java.io.IOException -->
          <reporter-output>
          </reporter-output>
        </test-method> <!-- TestWithWrongKey -->
      </class> <!-- TestParamApiKey -->
    </test> <!-- Surefire test -->
  </suite> <!-- Surefire suite -->
</testng-results>
